Started GET "/" for 172.18.0.1 at 2019-07-15 03:12:43 +0000
Cannot render console from 172.18.0.1! Allowed networks: 127.0.0.1, ::1, 127.0.0.0/127.255.255.255
  
PG::ConnectionBad (could not connect to server: Connection refused
	Is the server running on host "localhost" (127.0.0.1) and accepting
	TCP/IP connections on port 5432?
could not connect to server: Cannot assign requested address
	Is the server running on host "localhost" (::1) and accepting
	TCP/IP connections on port 5432?
):
  
pg (1.1.4) lib/pg.rb:56:in `initialize'
pg (1.1.4) lib/pg.rb:56:in `new'
pg (1.1.4) lib/pg.rb:56:in `connect'
activerecord (5.2.3) lib/active_record/connection_adapters/postgresql_adapter.rb:692:in `connect'
activerecord (5.2.3) lib/active_record/connection_adapters/postgresql_adapter.rb:223:in `initialize'
activerecord (5.2.3) lib/active_record/connection_adapters/postgresql_adapter.rb:48:in `new'
activerecord (5.2.3) lib/active_record/connection_adapters/postgresql_adapter.rb:48:in `postgresql_connection'
activerecord (5.2.3) lib/active_record/connection_adapters/abstract/connection_pool.rb:811:in `new_connection'
activerecord (5.2.3) lib/active_record/connection_adapters/abstract/connection_pool.rb:855:in `checkout_new_connection'
activerecord (5.2.3) lib/active_record/connection_adapters/abstract/connection_pool.rb:834:in `try_to_checkout_new_connection'
activerecord (5.2.3) lib/active_record/connection_adapters/abstract/connection_pool.rb:795:in `acquire_connection'
activerecord (5.2.3) lib/active_record/connection_adapters/abstract/connection_pool.rb:523:in `checkout'
activerecord (5.2.3) lib/active_record/connection_adapters/abstract/connection_pool.rb:382:in `connection'
activerecord (5.2.3) lib/active_record/connection_adapters/abstract/connection_pool.rb:1014:in `retrieve_connection'
activerecord (5.2.3) lib/active_record/connection_handling.rb:118:in `retrieve_connection'
activerecord (5.2.3) lib/active_record/connection_handling.rb:90:in `connection'
activerecord (5.2.3) lib/active_record/migration.rb:554:in `call'
actionpack (5.2.3) lib/action_dispatch/middleware/callbacks.rb:28:in `block in call'
activesupport (5.2.3) lib/active_support/callbacks.rb:98:in `run_callbacks'
actionpack (5.2.3) lib/action_dispatch/middleware/callbacks.rb:26:in `call'
actionpack (5.2.3) lib/action_dispatch/middleware/executor.rb:14:in `call'
actionpack (5.2.3) lib/action_dispatch/middleware/debug_exceptions.rb:61:in `call'
web-console (3.7.0) lib/web_console/middleware.rb:135:in `call_app'
web-console (3.7.0) lib/web_console/middleware.rb:22:in `block in call'
web-console (3.7.0) lib/web_console/middleware.rb:20:in `catch'
web-console (3.7.0) lib/web_console/middleware.rb:20:in `call'
actionpack (5.2.3) lib/action_dispatch/middleware/show_exceptions.rb:33:in `call'
railties (5.2.3) lib/rails/rack/logger.rb:38:in `call_app'
railties (5.2.3) lib/rails/rack/logger.rb:26:in `block in call'
activesupport (5.2.3) lib/active_support/tagged_logging.rb:71:in `block in tagged'
activesupport (5.2.3) lib/active_support/tagged_logging.rb:28:in `tagged'
activesupport (5.2.3) lib/active_support/tagged_logging.rb:71:in `tagged'
railties (5.2.3) lib/rails/rack/logger.rb:26:in `call'
sprockets-rails (3.2.1) lib/sprockets/rails/quiet_assets.rb:13:in `call'
actionpack (5.2.3) lib/action_dispatch/middleware/remote_ip.rb:81:in `call'
actionpack (5.2.3) lib/action_dispatch/middleware/request_id.rb:27:in `call'
rack (2.0.7) lib/rack/method_override.rb:22:in `call'
rack (2.0.7) lib/rack/runtime.rb:22:in `call'
activesupport (5.2.3) lib/active_support/cache/strategy/local_cache_middleware.rb:29:in `call'
actionpack (5.2.3) lib/action_dispatch/middleware/executor.rb:14:in `call'
actionpack (5.2.3) lib/action_dispatch/middleware/static.rb:127:in `call'
rack (2.0.7) lib/rack/sendfile.rb:111:in `call'
railties (5.2.3) lib/rails/engine.rb:524:in `call'
puma (3.12.1) lib/puma/configuration.rb:227:in `call'
puma (3.12.1) lib/puma/server.rb:660:in `handle_request'
puma (3.12.1) lib/puma/server.rb:474:in `process_client'
puma (3.12.1) lib/puma/server.rb:334:in `block in run'
puma (3.12.1) lib/puma/thread_pool.rb:135:in `block in spawn_thread'
Started GET "/" for 172.19.0.1 at 2019-07-15 03:19:12 +0000
Cannot render console from 172.19.0.1! Allowed networks: 127.0.0.1, ::1, 127.0.0.0/127.255.255.255
  
PG::ConnectionBad (could not connect to server: Connection refused
	Is the server running on host "localhost" (127.0.0.1) and accepting
	TCP/IP connections on port 5432?
could not connect to server: Cannot assign requested address
	Is the server running on host "localhost" (::1) and accepting
	TCP/IP connections on port 5432?
):
  
pg (1.1.4) lib/pg.rb:56:in `initialize'
pg (1.1.4) lib/pg.rb:56:in `new'
pg (1.1.4) lib/pg.rb:56:in `connect'
activerecord (5.2.3) lib/active_record/connection_adapters/postgresql_adapter.rb:692:in `connect'
activerecord (5.2.3) lib/active_record/connection_adapters/postgresql_adapter.rb:223:in `initialize'
activerecord (5.2.3) lib/active_record/connection_adapters/postgresql_adapter.rb:48:in `new'
activerecord (5.2.3) lib/active_record/connection_adapters/postgresql_adapter.rb:48:in `postgresql_connection'
activerecord (5.2.3) lib/active_record/connection_adapters/abstract/connection_pool.rb:811:in `new_connection'
activerecord (5.2.3) lib/active_record/connection_adapters/abstract/connection_pool.rb:855:in `checkout_new_connection'
activerecord (5.2.3) lib/active_record/connection_adapters/abstract/connection_pool.rb:834:in `try_to_checkout_new_connection'
activerecord (5.2.3) lib/active_record/connection_adapters/abstract/connection_pool.rb:795:in `acquire_connection'
activerecord (5.2.3) lib/active_record/connection_adapters/abstract/connection_pool.rb:523:in `checkout'
activerecord (5.2.3) lib/active_record/connection_adapters/abstract/connection_pool.rb:382:in `connection'
activerecord (5.2.3) lib/active_record/connection_adapters/abstract/connection_pool.rb:1014:in `retrieve_connection'
activerecord (5.2.3) lib/active_record/connection_handling.rb:118:in `retrieve_connection'
activerecord (5.2.3) lib/active_record/connection_handling.rb:90:in `connection'
activerecord (5.2.3) lib/active_record/migration.rb:554:in `call'
actionpack (5.2.3) lib/action_dispatch/middleware/callbacks.rb:28:in `block in call'
activesupport (5.2.3) lib/active_support/callbacks.rb:98:in `run_callbacks'
actionpack (5.2.3) lib/action_dispatch/middleware/callbacks.rb:26:in `call'
actionpack (5.2.3) lib/action_dispatch/middleware/executor.rb:14:in `call'
actionpack (5.2.3) lib/action_dispatch/middleware/debug_exceptions.rb:61:in `call'
web-console (3.7.0) lib/web_console/middleware.rb:135:in `call_app'
web-console (3.7.0) lib/web_console/middleware.rb:22:in `block in call'
web-console (3.7.0) lib/web_console/middleware.rb:20:in `catch'
web-console (3.7.0) lib/web_console/middleware.rb:20:in `call'
actionpack (5.2.3) lib/action_dispatch/middleware/show_exceptions.rb:33:in `call'
railties (5.2.3) lib/rails/rack/logger.rb:38:in `call_app'
railties (5.2.3) lib/rails/rack/logger.rb:26:in `block in call'
activesupport (5.2.3) lib/active_support/tagged_logging.rb:71:in `block in tagged'
activesupport (5.2.3) lib/active_support/tagged_logging.rb:28:in `tagged'
activesupport (5.2.3) lib/active_support/tagged_logging.rb:71:in `tagged'
railties (5.2.3) lib/rails/rack/logger.rb:26:in `call'
sprockets-rails (3.2.1) lib/sprockets/rails/quiet_assets.rb:13:in `call'
actionpack (5.2.3) lib/action_dispatch/middleware/remote_ip.rb:81:in `call'
actionpack (5.2.3) lib/action_dispatch/middleware/request_id.rb:27:in `call'
rack (2.0.7) lib/rack/method_override.rb:22:in `call'
rack (2.0.7) lib/rack/runtime.rb:22:in `call'
activesupport (5.2.3) lib/active_support/cache/strategy/local_cache_middleware.rb:29:in `call'
actionpack (5.2.3) lib/action_dispatch/middleware/executor.rb:14:in `call'
actionpack (5.2.3) lib/action_dispatch/middleware/static.rb:127:in `call'
rack (2.0.7) lib/rack/sendfile.rb:111:in `call'
railties (5.2.3) lib/rails/engine.rb:524:in `call'
puma (3.12.1) lib/puma/configuration.rb:227:in `call'
puma (3.12.1) lib/puma/server.rb:660:in `handle_request'
puma (3.12.1) lib/puma/server.rb:474:in `process_client'
puma (3.12.1) lib/puma/server.rb:334:in `block in run'
puma (3.12.1) lib/puma/thread_pool.rb:135:in `block in spawn_thread'
Started GET "/" for 172.20.0.1 at 2019-07-15 03:21:07 +0000
Cannot render console from 172.20.0.1! Allowed networks: 127.0.0.1, ::1, 127.0.0.0/127.255.255.255
  
ActiveRecord::NoDatabaseError (FATAL:  database "ebs_development" does not exist
):
  
activerecord (5.2.3) lib/active_record/connection_adapters/postgresql_adapter.rb:696:in `rescue in connect'
activerecord (5.2.3) lib/active_record/connection_adapters/postgresql_adapter.rb:691:in `connect'
activerecord (5.2.3) lib/active_record/connection_adapters/postgresql_adapter.rb:223:in `initialize'
activerecord (5.2.3) lib/active_record/connection_adapters/postgresql_adapter.rb:48:in `new'
activerecord (5.2.3) lib/active_record/connection_adapters/postgresql_adapter.rb:48:in `postgresql_connection'
activerecord (5.2.3) lib/active_record/connection_adapters/abstract/connection_pool.rb:811:in `new_connection'
activerecord (5.2.3) lib/active_record/connection_adapters/abstract/connection_pool.rb:855:in `checkout_new_connection'
activerecord (5.2.3) lib/active_record/connection_adapters/abstract/connection_pool.rb:834:in `try_to_checkout_new_connection'
activerecord (5.2.3) lib/active_record/connection_adapters/abstract/connection_pool.rb:795:in `acquire_connection'
activerecord (5.2.3) lib/active_record/connection_adapters/abstract/connection_pool.rb:523:in `checkout'
activerecord (5.2.3) lib/active_record/connection_adapters/abstract/connection_pool.rb:382:in `connection'
activerecord (5.2.3) lib/active_record/connection_adapters/abstract/connection_pool.rb:1014:in `retrieve_connection'
activerecord (5.2.3) lib/active_record/connection_handling.rb:118:in `retrieve_connection'
activerecord (5.2.3) lib/active_record/connection_handling.rb:90:in `connection'
activerecord (5.2.3) lib/active_record/migration.rb:554:in `call'
actionpack (5.2.3) lib/action_dispatch/middleware/callbacks.rb:28:in `block in call'
activesupport (5.2.3) lib/active_support/callbacks.rb:98:in `run_callbacks'
actionpack (5.2.3) lib/action_dispatch/middleware/callbacks.rb:26:in `call'
actionpack (5.2.3) lib/action_dispatch/middleware/executor.rb:14:in `call'
actionpack (5.2.3) lib/action_dispatch/middleware/debug_exceptions.rb:61:in `call'
web-console (3.7.0) lib/web_console/middleware.rb:135:in `call_app'
web-console (3.7.0) lib/web_console/middleware.rb:22:in `block in call'
web-console (3.7.0) lib/web_console/middleware.rb:20:in `catch'
web-console (3.7.0) lib/web_console/middleware.rb:20:in `call'
actionpack (5.2.3) lib/action_dispatch/middleware/show_exceptions.rb:33:in `call'
railties (5.2.3) lib/rails/rack/logger.rb:38:in `call_app'
railties (5.2.3) lib/rails/rack/logger.rb:26:in `block in call'
activesupport (5.2.3) lib/active_support/tagged_logging.rb:71:in `block in tagged'
activesupport (5.2.3) lib/active_support/tagged_logging.rb:28:in `tagged'
activesupport (5.2.3) lib/active_support/tagged_logging.rb:71:in `tagged'
railties (5.2.3) lib/rails/rack/logger.rb:26:in `call'
sprockets-rails (3.2.1) lib/sprockets/rails/quiet_assets.rb:13:in `call'
actionpack (5.2.3) lib/action_dispatch/middleware/remote_ip.rb:81:in `call'
actionpack (5.2.3) lib/action_dispatch/middleware/request_id.rb:27:in `call'
rack (2.0.7) lib/rack/method_override.rb:22:in `call'
rack (2.0.7) lib/rack/runtime.rb:22:in `call'
activesupport (5.2.3) lib/active_support/cache/strategy/local_cache_middleware.rb:29:in `call'
actionpack (5.2.3) lib/action_dispatch/middleware/executor.rb:14:in `call'
actionpack (5.2.3) lib/action_dispatch/middleware/static.rb:127:in `call'
rack (2.0.7) lib/rack/sendfile.rb:111:in `call'
railties (5.2.3) lib/rails/engine.rb:524:in `call'
puma (3.12.1) lib/puma/configuration.rb:227:in `call'
puma (3.12.1) lib/puma/server.rb:660:in `handle_request'
puma (3.12.1) lib/puma/server.rb:474:in `process_client'
puma (3.12.1) lib/puma/server.rb:334:in `block in run'
puma (3.12.1) lib/puma/thread_pool.rb:135:in `block in spawn_thread'
  [1m[35m (1535.5ms)[0m  [1m[35mCREATE DATABASE "ebs_development" ENCODING = 'unicode'[0m
  ↳ /usr/local/lib/ruby/gems/2.6.0/gems/rake-12.3.2/lib/rake/task.rb:273
  [1m[35m (1393.2ms)[0m  [1m[35mCREATE DATABASE "ebs_test" ENCODING = 'unicode'[0m
  ↳ /usr/local/lib/ruby/gems/2.6.0/gems/rake-12.3.2/lib/rake/task.rb:273
  [1m[35m (60.8ms)[0m  [1m[35mCREATE TABLE "schema_migrations" ("version" character varying NOT NULL PRIMARY KEY)[0m
  ↳ /usr/local/lib/ruby/gems/2.6.0/gems/rake-12.3.2/lib/rake/task.rb:273
  [1m[35m (14.1ms)[0m  [1m[35mCREATE TABLE "ar_internal_metadata" ("key" character varying NOT NULL PRIMARY KEY, "value" character varying, "created_at" timestamp NOT NULL, "updated_at" timestamp NOT NULL)[0m
  ↳ /usr/local/lib/ruby/gems/2.6.0/gems/rake-12.3.2/lib/rake/task.rb:273
  [1m[35m (0.3ms)[0m  [1m[34mSELECT pg_try_advisory_lock(1424614050831841170)[0m
  ↳ /usr/local/lib/ruby/gems/2.6.0/gems/rake-12.3.2/lib/rake/task.rb:273
  [1m[35m (3.0ms)[0m  [1m[34mSELECT "schema_migrations"."version" FROM "schema_migrations" ORDER BY "schema_migrations"."version" ASC[0m
  ↳ /usr/local/lib/ruby/gems/2.6.0/gems/rake-12.3.2/lib/rake/task.rb:273
  [1m[36mActiveRecord::InternalMetadata Load (2.3ms)[0m  [1m[34mSELECT  "ar_internal_metadata".* FROM "ar_internal_metadata" WHERE "ar_internal_metadata"."key" = $1 LIMIT $2[0m  [["key", "environment"], ["LIMIT", 1]]
  ↳ /usr/local/lib/ruby/gems/2.6.0/gems/rake-12.3.2/lib/rake/task.rb:273
  [1m[35m (0.3ms)[0m  [1m[35mBEGIN[0m
  ↳ /usr/local/lib/ruby/gems/2.6.0/gems/rake-12.3.2/lib/rake/task.rb:273
  [1m[36mActiveRecord::InternalMetadata Create (2.8ms)[0m  [1m[32mINSERT INTO "ar_internal_metadata" ("key", "value", "created_at", "updated_at") VALUES ($1, $2, $3, $4) RETURNING "key"[0m  [["key", "environment"], ["value", "development"], ["created_at", "2019-07-15 03:22:13.002294"], ["updated_at", "2019-07-15 03:22:13.002294"]]
  ↳ /usr/local/lib/ruby/gems/2.6.0/gems/rake-12.3.2/lib/rake/task.rb:273
  [1m[35m (0.5ms)[0m  [1m[35mCOMMIT[0m
  ↳ /usr/local/lib/ruby/gems/2.6.0/gems/rake-12.3.2/lib/rake/task.rb:273
  [1m[35m (0.3ms)[0m  [1m[34mSELECT pg_advisory_unlock(1424614050831841170)[0m
  ↳ /usr/local/lib/ruby/gems/2.6.0/gems/rake-12.3.2/lib/rake/task.rb:273
  [1m[35m (0.8ms)[0m  [1m[34mSELECT "schema_migrations"."version" FROM "schema_migrations" ORDER BY "schema_migrations"."version" ASC[0m
  ↳ /usr/local/lib/ruby/gems/2.6.0/gems/rake-12.3.2/lib/rake/task.rb:273
Started GET "/" for 172.22.0.1 at 2019-07-15 03:22:32 +0000
Cannot render console from 172.22.0.1! Allowed networks: 127.0.0.1, ::1, 127.0.0.0/127.255.255.255
Processing by Rails::WelcomeController#index as HTML
  Rendering /usr/local/bundle/gems/railties-5.2.3/lib/rails/templates/rails/welcome/index.html.erb
  Rendered /usr/local/bundle/gems/railties-5.2.3/lib/rails/templates/rails/welcome/index.html.erb (2.1ms)
Completed 200 OK in 13ms (Views: 7.5ms | ActiveRecord: 0.0ms)


Started GET "/" for 172.23.0.1 at 2019-07-15 03:41:17 +0000
Cannot render console from 172.23.0.1! Allowed networks: 127.0.0.1, ::1, 127.0.0.0/127.255.255.255
Processing by Rails::WelcomeController#index as HTML
  Rendering /usr/local/bundle/gems/railties-5.2.3/lib/rails/templates/rails/welcome/index.html.erb
  Rendered /usr/local/bundle/gems/railties-5.2.3/lib/rails/templates/rails/welcome/index.html.erb (1.9ms)
Completed 200 OK in 12ms (Views: 6.8ms | ActiveRecord: 0.0ms)


  [1m[35m (0.6ms)[0m  [1m[34mSELECT pg_try_advisory_lock(1424614050831841170)[0m
  ↳ /usr/local/lib/ruby/gems/2.6.0/gems/rake-12.3.2/lib/rake/task.rb:273
  [1m[35m (2.9ms)[0m  [1m[34mSELECT "schema_migrations"."version" FROM "schema_migrations" ORDER BY "schema_migrations"."version" ASC[0m
  ↳ /usr/local/lib/ruby/gems/2.6.0/gems/rake-12.3.2/lib/rake/task.rb:273
Migrating to DeviseCreateUsers (20190715034654)
  [1m[35m (0.2ms)[0m  [1m[35mBEGIN[0m
  ↳ /usr/local/lib/ruby/gems/2.6.0/gems/rake-12.3.2/lib/rake/task.rb:273
  [1m[35m (78.5ms)[0m  [1m[35mCREATE TABLE "users" ("id" bigserial primary key, "email" character varying DEFAULT '' NOT NULL, "encrypted_password" character varying DEFAULT '' NOT NULL, "reset_password_token" character varying, "reset_password_sent_at" timestamp, "remember_created_at" timestamp, "created_at" timestamp NOT NULL, "updated_at" timestamp NOT NULL)[0m
  ↳ db/migrate/20190715034654_devise_create_users.rb:5
  [1m[35m (7.9ms)[0m  [1m[35mCREATE UNIQUE INDEX  "index_users_on_email" ON "users"  ("email")[0m
  ↳ db/migrate/20190715034654_devise_create_users.rb:39
  [1m[35m (6.3ms)[0m  [1m[35mCREATE UNIQUE INDEX  "index_users_on_reset_password_token" ON "users"  ("reset_password_token")[0m
  ↳ db/migrate/20190715034654_devise_create_users.rb:40
  [1m[36mActiveRecord::SchemaMigration Create (2.3ms)[0m  [1m[32mINSERT INTO "schema_migrations" ("version") VALUES ($1) RETURNING "version"[0m  [["version", "20190715034654"]]
  ↳ /usr/local/lib/ruby/gems/2.6.0/gems/rake-12.3.2/lib/rake/task.rb:273
  [1m[35m (1.7ms)[0m  [1m[35mCOMMIT[0m
  ↳ /usr/local/lib/ruby/gems/2.6.0/gems/rake-12.3.2/lib/rake/task.rb:273
  [1m[36mActiveRecord::InternalMetadata Load (4.1ms)[0m  [1m[34mSELECT  "ar_internal_metadata".* FROM "ar_internal_metadata" WHERE "ar_internal_metadata"."key" = $1 LIMIT $2[0m  [["key", "environment"], ["LIMIT", 1]]
  ↳ /usr/local/lib/ruby/gems/2.6.0/gems/rake-12.3.2/lib/rake/task.rb:273
  [1m[35m (0.2ms)[0m  [1m[35mBEGIN[0m
  ↳ /usr/local/lib/ruby/gems/2.6.0/gems/rake-12.3.2/lib/rake/task.rb:273
  [1m[35m (0.2ms)[0m  [1m[35mCOMMIT[0m
  ↳ /usr/local/lib/ruby/gems/2.6.0/gems/rake-12.3.2/lib/rake/task.rb:273
  [1m[35m (0.3ms)[0m  [1m[34mSELECT pg_advisory_unlock(1424614050831841170)[0m
  ↳ /usr/local/lib/ruby/gems/2.6.0/gems/rake-12.3.2/lib/rake/task.rb:273
  [1m[35m (3.8ms)[0m  [1m[34mSELECT "schema_migrations"."version" FROM "schema_migrations" ORDER BY "schema_migrations"."version" ASC[0m
  ↳ /usr/local/lib/ruby/gems/2.6.0/gems/rake-12.3.2/lib/rake/task.rb:273
  [1m[35m (3.5ms)[0m  [1m[34mSELECT "schema_migrations"."version" FROM "schema_migrations" ORDER BY "schema_migrations"."version" ASC[0m
  ↳ /usr/local/lib/ruby/gems/2.6.0/gems/rake-12.3.2/lib/rake/task.rb:273
  [1m[35m (3.1ms)[0m  [1m[34mSELECT "ar_internal_metadata"."value" FROM "ar_internal_metadata" WHERE "ar_internal_metadata"."key" = $1[0m  [["key", "environment"]]
  ↳ /usr/local/lib/ruby/gems/2.6.0/gems/rake-12.3.2/lib/rake/task.rb:273
  [1m[35m (0.9ms)[0m  [1m[34mSELECT "schema_migrations"."version" FROM "schema_migrations" ORDER BY "schema_migrations"."version" ASC[0m
  ↳ /usr/local/lib/ruby/gems/2.6.0/gems/rake-12.3.2/lib/rake/task.rb:273
  [1m[35m (0.8ms)[0m  [1m[34mSELECT "ar_internal_metadata"."value" FROM "ar_internal_metadata" WHERE "ar_internal_metadata"."key" = $1[0m  [["key", "environment"]]
  ↳ /usr/local/lib/ruby/gems/2.6.0/gems/rake-12.3.2/lib/rake/task.rb:273
  [1m[35m (0.9ms)[0m  [1m[34mSELECT "schema_migrations"."version" FROM "schema_migrations" ORDER BY "schema_migrations"."version" ASC[0m
  ↳ /usr/local/lib/ruby/gems/2.6.0/gems/rake-12.3.2/lib/rake/task.rb:273
  [1m[35m (0.8ms)[0m  [1m[34mSELECT "ar_internal_metadata"."value" FROM "ar_internal_metadata" WHERE "ar_internal_metadata"."key" = $1[0m  [["key", "environment"]]
  ↳ /usr/local/lib/ruby/gems/2.6.0/gems/rake-12.3.2/lib/rake/task.rb:273
  [1m[35m (490.0ms)[0m  [1m[35mDROP DATABASE IF EXISTS "ebs_development"[0m
  ↳ /usr/local/lib/ruby/gems/2.6.0/gems/rake-12.3.2/lib/rake/task.rb:273
  [1m[35m (421.6ms)[0m  [1m[35mDROP DATABASE IF EXISTS "ebs_test"[0m
  ↳ /usr/local/lib/ruby/gems/2.6.0/gems/rake-12.3.2/lib/rake/task.rb:273
  [1m[35m (1538.5ms)[0m  [1m[35mCREATE DATABASE "ebs_development" ENCODING = 'unicode'[0m
  ↳ /usr/local/lib/ruby/gems/2.6.0/gems/rake-12.3.2/lib/rake/task.rb:273
  [1m[35m (1393.3ms)[0m  [1m[35mCREATE DATABASE "ebs_test" ENCODING = 'unicode'[0m
  ↳ /usr/local/lib/ruby/gems/2.6.0/gems/rake-12.3.2/lib/rake/task.rb:273
  [1m[35m (42.7ms)[0m  [1m[35mCREATE TABLE "schema_migrations" ("version" character varying NOT NULL PRIMARY KEY)[0m
  ↳ /usr/local/lib/ruby/gems/2.6.0/gems/rake-12.3.2/lib/rake/task.rb:273
  [1m[35m (12.8ms)[0m  [1m[35mCREATE TABLE "ar_internal_metadata" ("key" character varying NOT NULL PRIMARY KEY, "value" character varying, "created_at" timestamp NOT NULL, "updated_at" timestamp NOT NULL)[0m
  ↳ /usr/local/lib/ruby/gems/2.6.0/gems/rake-12.3.2/lib/rake/task.rb:273
  [1m[35m (0.3ms)[0m  [1m[34mSELECT pg_try_advisory_lock(1424614050831841170)[0m
  ↳ /usr/local/lib/ruby/gems/2.6.0/gems/rake-12.3.2/lib/rake/task.rb:273
  [1m[35m (2.3ms)[0m  [1m[34mSELECT "schema_migrations"."version" FROM "schema_migrations" ORDER BY "schema_migrations"."version" ASC[0m
  ↳ /usr/local/lib/ruby/gems/2.6.0/gems/rake-12.3.2/lib/rake/task.rb:273
Migrating to DeviseCreateUsers (20190715034654)
  [1m[35m (0.2ms)[0m  [1m[35mBEGIN[0m
  ↳ /usr/local/lib/ruby/gems/2.6.0/gems/rake-12.3.2/lib/rake/task.rb:273
  [1m[35m (21.7ms)[0m  [1m[35mCREATE TABLE "users" ("id" bigserial primary key, "email" character varying DEFAULT '' NOT NULL, "encrypted_password" character varying DEFAULT '' NOT NULL, "reset_password_token" character varying, "reset_password_sent_at" timestamp, "remember_created_at" timestamp, "confirmation_token" character varying, "confirmed_at" timestamp, "confirmation_sent_at" timestamp, "created_at" timestamp NOT NULL, "updated_at" timestamp NOT NULL)[0m
  ↳ db/migrate/20190715034654_devise_create_users.rb:5
  [1m[35m (6.0ms)[0m  [1m[35mCREATE UNIQUE INDEX  "index_users_on_email" ON "users"  ("email")[0m
  ↳ db/migrate/20190715034654_devise_create_users.rb:39
  [1m[35m (4.9ms)[0m  [1m[35mCREATE UNIQUE INDEX  "index_users_on_reset_password_token" ON "users"  ("reset_password_token")[0m
  ↳ db/migrate/20190715034654_devise_create_users.rb:40
  [1m[35m (4.8ms)[0m  [1m[35mCREATE UNIQUE INDEX  "index_users_on_confirmation_token" ON "users"  ("confirmation_token")[0m
  ↳ db/migrate/20190715034654_devise_create_users.rb:41
  [1m[36mActiveRecord::SchemaMigration Create (3.0ms)[0m  [1m[32mINSERT INTO "schema_migrations" ("version") VALUES ($1) RETURNING "version"[0m  [["version", "20190715034654"]]
  ↳ /usr/local/lib/ruby/gems/2.6.0/gems/rake-12.3.2/lib/rake/task.rb:273
  [1m[35m (0.6ms)[0m  [1m[35mCOMMIT[0m
  ↳ /usr/local/lib/ruby/gems/2.6.0/gems/rake-12.3.2/lib/rake/task.rb:273
Migrating to CreateEvents (20190715035552)
  [1m[35m (1.0ms)[0m  [1m[35mBEGIN[0m
  ↳ /usr/local/lib/ruby/gems/2.6.0/gems/rake-12.3.2/lib/rake/task.rb:273
  [1m[35m (13.1ms)[0m  [1m[35mCREATE TABLE "events" ("id" bigserial primary key, "created_at" timestamp NOT NULL, "updated_at" timestamp NOT NULL)[0m
  ↳ db/migrate/20190715035552_create_events.rb:3
  [1m[36mActiveRecord::SchemaMigration Create (0.3ms)[0m  [1m[32mINSERT INTO "schema_migrations" ("version") VALUES ($1) RETURNING "version"[0m  [["version", "20190715035552"]]
  ↳ /usr/local/lib/ruby/gems/2.6.0/gems/rake-12.3.2/lib/rake/task.rb:273
  [1m[35m (0.5ms)[0m  [1m[35mCOMMIT[0m
  ↳ /usr/local/lib/ruby/gems/2.6.0/gems/rake-12.3.2/lib/rake/task.rb:273
  [1m[36mActiveRecord::InternalMetadata Load (2.6ms)[0m  [1m[34mSELECT  "ar_internal_metadata".* FROM "ar_internal_metadata" WHERE "ar_internal_metadata"."key" = $1 LIMIT $2[0m  [["key", "environment"], ["LIMIT", 1]]
  ↳ /usr/local/lib/ruby/gems/2.6.0/gems/rake-12.3.2/lib/rake/task.rb:273
  [1m[35m (0.2ms)[0m  [1m[35mBEGIN[0m
  ↳ /usr/local/lib/ruby/gems/2.6.0/gems/rake-12.3.2/lib/rake/task.rb:273
  [1m[36mActiveRecord::InternalMetadata Create (4.2ms)[0m  [1m[32mINSERT INTO "ar_internal_metadata" ("key", "value", "created_at", "updated_at") VALUES ($1, $2, $3, $4) RETURNING "key"[0m  [["key", "environment"], ["value", "development"], ["created_at", "2019-07-15 03:57:17.842531"], ["updated_at", "2019-07-15 03:57:17.842531"]]
  ↳ /usr/local/lib/ruby/gems/2.6.0/gems/rake-12.3.2/lib/rake/task.rb:273
  [1m[35m (0.6ms)[0m  [1m[35mCOMMIT[0m
  ↳ /usr/local/lib/ruby/gems/2.6.0/gems/rake-12.3.2/lib/rake/task.rb:273
  [1m[35m (0.3ms)[0m  [1m[34mSELECT pg_advisory_unlock(1424614050831841170)[0m
  ↳ /usr/local/lib/ruby/gems/2.6.0/gems/rake-12.3.2/lib/rake/task.rb:273
  [1m[35m (1.2ms)[0m  [1m[34mSELECT "schema_migrations"."version" FROM "schema_migrations" ORDER BY "schema_migrations"."version" ASC[0m
  ↳ /usr/local/lib/ruby/gems/2.6.0/gems/rake-12.3.2/lib/rake/task.rb:273
Started GET "/" for 172.24.0.1 at 2019-07-15 04:00:00 +0000
Cannot render console from 172.24.0.1! Allowed networks: 127.0.0.1, ::1, 127.0.0.0/127.255.255.255
  
NoMethodError (undefined method `devise' for User (call 'User.connection' to establish a connection):Class):
  
app/models/user.rb:4:in `<class:User>'
app/models/user.rb:1:in `<main>'
config/routes.rb:2:in `block in <main>'
config/routes.rb:1:in `<main>'
Started GET "/" for 172.24.0.1 at 2019-07-15 04:00:19 +0000
Cannot render console from 172.24.0.1! Allowed networks: 127.0.0.1, ::1, 127.0.0.0/127.255.255.255
  [1m[35m (3.7ms)[0m  [1m[34mSELECT "schema_migrations"."version" FROM "schema_migrations" ORDER BY "schema_migrations"."version" ASC[0m
  ↳ /usr/local/bundle/gems/activerecord-5.2.3/lib/active_record/log_subscriber.rb:98
  
ActionController::RoutingError (No route matches [GET] "/"):
  
actionpack (5.2.3) lib/action_dispatch/middleware/debug_exceptions.rb:65:in `call'
web-console (3.7.0) lib/web_console/middleware.rb:135:in `call_app'
web-console (3.7.0) lib/web_console/middleware.rb:22:in `block in call'
web-console (3.7.0) lib/web_console/middleware.rb:20:in `catch'
web-console (3.7.0) lib/web_console/middleware.rb:20:in `call'
actionpack (5.2.3) lib/action_dispatch/middleware/show_exceptions.rb:33:in `call'
railties (5.2.3) lib/rails/rack/logger.rb:38:in `call_app'
railties (5.2.3) lib/rails/rack/logger.rb:26:in `block in call'
activesupport (5.2.3) lib/active_support/tagged_logging.rb:71:in `block in tagged'
activesupport (5.2.3) lib/active_support/tagged_logging.rb:28:in `tagged'
activesupport (5.2.3) lib/active_support/tagged_logging.rb:71:in `tagged'
railties (5.2.3) lib/rails/rack/logger.rb:26:in `call'
sprockets-rails (3.2.1) lib/sprockets/rails/quiet_assets.rb:13:in `call'
actionpack (5.2.3) lib/action_dispatch/middleware/remote_ip.rb:81:in `call'
actionpack (5.2.3) lib/action_dispatch/middleware/request_id.rb:27:in `call'
rack (2.0.7) lib/rack/method_override.rb:22:in `call'
rack (2.0.7) lib/rack/runtime.rb:22:in `call'
activesupport (5.2.3) lib/active_support/cache/strategy/local_cache_middleware.rb:29:in `call'
actionpack (5.2.3) lib/action_dispatch/middleware/executor.rb:14:in `call'
actionpack (5.2.3) lib/action_dispatch/middleware/static.rb:127:in `call'
rack (2.0.7) lib/rack/sendfile.rb:111:in `call'
railties (5.2.3) lib/rails/engine.rb:524:in `call'
puma (3.12.1) lib/puma/configuration.rb:227:in `call'
puma (3.12.1) lib/puma/server.rb:660:in `handle_request'
puma (3.12.1) lib/puma/server.rb:474:in `process_client'
puma (3.12.1) lib/puma/server.rb:334:in `block in run'
puma (3.12.1) lib/puma/thread_pool.rb:135:in `block in spawn_thread'
Started GET "/" for 172.25.0.1 at 2019-07-15 04:02:31 +0000
Cannot render console from 172.25.0.1! Allowed networks: 127.0.0.1, ::1, 127.0.0.0/127.255.255.255
  [1m[35m (4.0ms)[0m  [1m[34mSELECT "schema_migrations"."version" FROM "schema_migrations" ORDER BY "schema_migrations"."version" ASC[0m
  ↳ /usr/local/bundle/gems/activerecord-5.2.3/lib/active_record/log_subscriber.rb:98
  
AbstractController::ActionNotFound (The action 'index' could not be found for EventsController):
  
actionpack (5.2.3) lib/abstract_controller/base.rb:129:in `process'
actionview (5.2.3) lib/action_view/rendering.rb:32:in `process'
actionpack (5.2.3) lib/action_controller/metal.rb:191:in `dispatch'
actionpack (5.2.3) lib/action_controller/metal.rb:252:in `dispatch'
actionpack (5.2.3) lib/action_dispatch/routing/route_set.rb:52:in `dispatch'
actionpack (5.2.3) lib/action_dispatch/routing/route_set.rb:34:in `serve'
actionpack (5.2.3) lib/action_dispatch/journey/router.rb:52:in `block in serve'
actionpack (5.2.3) lib/action_dispatch/journey/router.rb:35:in `each'
actionpack (5.2.3) lib/action_dispatch/journey/router.rb:35:in `serve'
actionpack (5.2.3) lib/action_dispatch/routing/route_set.rb:840:in `call'
warden (1.2.8) lib/warden/manager.rb:36:in `block in call'
warden (1.2.8) lib/warden/manager.rb:34:in `catch'
warden (1.2.8) lib/warden/manager.rb:34:in `call'
rack (2.0.7) lib/rack/tempfile_reaper.rb:15:in `call'
rack (2.0.7) lib/rack/etag.rb:25:in `call'
rack (2.0.7) lib/rack/conditional_get.rb:25:in `call'
rack (2.0.7) lib/rack/head.rb:12:in `call'
actionpack (5.2.3) lib/action_dispatch/http/content_security_policy.rb:18:in `call'
rack (2.0.7) lib/rack/session/abstract/id.rb:232:in `context'
rack (2.0.7) lib/rack/session/abstract/id.rb:226:in `call'
actionpack (5.2.3) lib/action_dispatch/middleware/cookies.rb:670:in `call'
activerecord (5.2.3) lib/active_record/migration.rb:559:in `call'
actionpack (5.2.3) lib/action_dispatch/middleware/callbacks.rb:28:in `block in call'
activesupport (5.2.3) lib/active_support/callbacks.rb:98:in `run_callbacks'
actionpack (5.2.3) lib/action_dispatch/middleware/callbacks.rb:26:in `call'
actionpack (5.2.3) lib/action_dispatch/middleware/executor.rb:14:in `call'
actionpack (5.2.3) lib/action_dispatch/middleware/debug_exceptions.rb:61:in `call'
web-console (3.7.0) lib/web_console/middleware.rb:135:in `call_app'
web-console (3.7.0) lib/web_console/middleware.rb:22:in `block in call'
web-console (3.7.0) lib/web_console/middleware.rb:20:in `catch'
web-console (3.7.0) lib/web_console/middleware.rb:20:in `call'
actionpack (5.2.3) lib/action_dispatch/middleware/show_exceptions.rb:33:in `call'
railties (5.2.3) lib/rails/rack/logger.rb:38:in `call_app'
railties (5.2.3) lib/rails/rack/logger.rb:26:in `block in call'
activesupport (5.2.3) lib/active_support/tagged_logging.rb:71:in `block in tagged'
activesupport (5.2.3) lib/active_support/tagged_logging.rb:28:in `tagged'
activesupport (5.2.3) lib/active_support/tagged_logging.rb:71:in `tagged'
railties (5.2.3) lib/rails/rack/logger.rb:26:in `call'
sprockets-rails (3.2.1) lib/sprockets/rails/quiet_assets.rb:13:in `call'
actionpack (5.2.3) lib/action_dispatch/middleware/remote_ip.rb:81:in `call'
actionpack (5.2.3) lib/action_dispatch/middleware/request_id.rb:27:in `call'
rack (2.0.7) lib/rack/method_override.rb:22:in `call'
rack (2.0.7) lib/rack/runtime.rb:22:in `call'
activesupport (5.2.3) lib/active_support/cache/strategy/local_cache_middleware.rb:29:in `call'
actionpack (5.2.3) lib/action_dispatch/middleware/executor.rb:14:in `call'
actionpack (5.2.3) lib/action_dispatch/middleware/static.rb:127:in `call'
rack (2.0.7) lib/rack/sendfile.rb:111:in `call'
railties (5.2.3) lib/rails/engine.rb:524:in `call'
puma (3.12.1) lib/puma/configuration.rb:227:in `call'
puma (3.12.1) lib/puma/server.rb:660:in `handle_request'
puma (3.12.1) lib/puma/server.rb:474:in `process_client'
puma (3.12.1) lib/puma/server.rb:334:in `block in run'
puma (3.12.1) lib/puma/thread_pool.rb:135:in `block in spawn_thread'
Started GET "/" for 172.25.0.1 at 2019-07-15 04:02:51 +0000
Cannot render console from 172.25.0.1! Allowed networks: 127.0.0.1, ::1, 127.0.0.0/127.255.255.255
Processing by EventsController#index as HTML
Completed 401 Unauthorized in 8ms (ActiveRecord: 0.0ms)


Started GET "/users/sign_in" for 172.25.0.1 at 2019-07-15 04:02:51 +0000
Cannot render console from 172.25.0.1! Allowed networks: 127.0.0.1, ::1, 127.0.0.0/127.255.255.255
Processing by Devise::SessionsController#new as HTML
  Rendering /usr/local/bundle/gems/devise-4.6.2views/devise/sessions/new.html.erb within layouts/application
  Rendered /usr/local/bundle/gems/devise-4.6.2views/devise/shared/_links.html.erb (1.0ms)
  Rendered /usr/local/bundle/gems/devise-4.6.2views/devise/sessions/new.html.erb within layouts/application (16.4ms)
Completed 200 OK in 1614ms (Views: 1583.3ms | ActiveRecord: 17.9ms)


Started GET "/users/sign_in" for 172.25.0.1 at 2019-07-15 04:20:55 +0000
Cannot render console from 172.25.0.1! Allowed networks: 127.0.0.1, ::1, 127.0.0.0/127.255.255.255
  
ActionController::RoutingError (No route matches [GET] "/users/sign_in"):
  
actionpack (5.2.3) lib/action_dispatch/middleware/debug_exceptions.rb:65:in `call'
web-console (3.7.0) lib/web_console/middleware.rb:135:in `call_app'
web-console (3.7.0) lib/web_console/middleware.rb:22:in `block in call'
web-console (3.7.0) lib/web_console/middleware.rb:20:in `catch'
web-console (3.7.0) lib/web_console/middleware.rb:20:in `call'
actionpack (5.2.3) lib/action_dispatch/middleware/show_exceptions.rb:33:in `call'
railties (5.2.3) lib/rails/rack/logger.rb:38:in `call_app'
railties (5.2.3) lib/rails/rack/logger.rb:26:in `block in call'
activesupport (5.2.3) lib/active_support/tagged_logging.rb:71:in `block in tagged'
activesupport (5.2.3) lib/active_support/tagged_logging.rb:28:in `tagged'
activesupport (5.2.3) lib/active_support/tagged_logging.rb:71:in `tagged'
railties (5.2.3) lib/rails/rack/logger.rb:26:in `call'
sprockets-rails (3.2.1) lib/sprockets/rails/quiet_assets.rb:13:in `call'
actionpack (5.2.3) lib/action_dispatch/middleware/remote_ip.rb:81:in `call'
actionpack (5.2.3) lib/action_dispatch/middleware/request_id.rb:27:in `call'
rack (2.0.7) lib/rack/method_override.rb:22:in `call'
rack (2.0.7) lib/rack/runtime.rb:22:in `call'
activesupport (5.2.3) lib/active_support/cache/strategy/local_cache_middleware.rb:29:in `call'
actionpack (5.2.3) lib/action_dispatch/middleware/executor.rb:14:in `call'
actionpack (5.2.3) lib/action_dispatch/middleware/static.rb:127:in `call'
rack (2.0.7) lib/rack/sendfile.rb:111:in `call'
railties (5.2.3) lib/rails/engine.rb:524:in `call'
puma (3.12.1) lib/puma/configuration.rb:227:in `call'
puma (3.12.1) lib/puma/server.rb:660:in `handle_request'
puma (3.12.1) lib/puma/server.rb:474:in `process_client'
puma (3.12.1) lib/puma/server.rb:334:in `block in run'
puma (3.12.1) lib/puma/thread_pool.rb:135:in `block in spawn_thread'
Started GET "/" for 172.25.0.1 at 2019-07-15 04:20:58 +0000
Cannot render console from 172.25.0.1! Allowed networks: 127.0.0.1, ::1, 127.0.0.0/127.255.255.255
Processing by EventsController#index as HTML
Completed 401 Unauthorized in 2ms (ActiveRecord: 0.0ms)


Started GET "/sign_in" for 172.25.0.1 at 2019-07-15 04:20:58 +0000
Cannot render console from 172.25.0.1! Allowed networks: 127.0.0.1, ::1, 127.0.0.0/127.255.255.255
Processing by Devise::SessionsController#new as HTML
  Rendering /usr/local/bundle/gems/devise-4.6.2views/devise/sessions/new.html.erb within layouts/application
  Rendered /usr/local/bundle/gems/devise-4.6.2views/devise/shared/_links.html.erb (0.8ms)
  Rendered /usr/local/bundle/gems/devise-4.6.2views/devise/sessions/new.html.erb within layouts/application (4.6ms)
Completed 200 OK in 118ms (Views: 75.1ms | ActiveRecord: 33.3ms)


Started GET "/sign_in" for 172.25.0.1 at 2019-07-15 04:30:01 +0000
Cannot render console from 172.25.0.1! Allowed networks: 127.0.0.1, ::1, 127.0.0.0/127.255.255.255
Processing by Devise::SessionsController#new as HTML
  Rendering /usr/local/bundle/gems/devise-4.6.2views/devise/sessions/new.html.erb within layouts/application
  Rendered /usr/local/bundle/gems/devise-4.6.2views/devise/shared/_links.html.erb (0.9ms)
  Rendered /usr/local/bundle/gems/devise-4.6.2views/devise/sessions/new.html.erb within layouts/application (5.5ms)
Completed 200 OK in 55ms (Views: 53.5ms | ActiveRecord: 0.0ms)


Started POST "/sign_in" for 172.25.0.1 at 2019-07-15 04:30:08 +0000
Cannot render console from 172.25.0.1! Allowed networks: 127.0.0.1, ::1, 127.0.0.0/127.255.255.255
Processing by Devise::SessionsController#create as HTML
  Parameters: {"utf8"=>"✓", "authenticity_token"=>"ReNZsjmJMq6vXZSIz6AG0NOGX7p0K96QAwbV4fPTQZsj7kak7RMjT3eh1G5B1Wkx4yxbifT3xqAm0fGPLBe6SQ==", "user"=>{"email"=>"sokly@instedd.org", "password"=>"[FILTERED]", "remember_me"=>"0"}, "commit"=>"Log in"}
  [1m[36mUser Load (7.7ms)[0m  [1m[34mSELECT  "users".* FROM "users" WHERE "users"."email" = $1 ORDER BY "users"."id" ASC LIMIT $2[0m  [["email", "sokly@instedd.org"], ["LIMIT", 1]]
  ↳ /usr/local/bundle/gems/activerecord-5.2.3/lib/active_record/log_subscriber.rb:98
Completed 401 Unauthorized in 15ms (ActiveRecord: 8.0ms)


Processing by Devise::SessionsController#new as HTML
  Parameters: {"utf8"=>"✓", "authenticity_token"=>"ReNZsjmJMq6vXZSIz6AG0NOGX7p0K96QAwbV4fPTQZsj7kak7RMjT3eh1G5B1Wkx4yxbifT3xqAm0fGPLBe6SQ==", "user"=>{"email"=>"sokly@instedd.org", "password"=>"[FILTERED]", "remember_me"=>"0"}, "commit"=>"Log in"}
  Rendering /usr/local/bundle/gems/devise-4.6.2views/devise/sessions/new.html.erb within layouts/application
  Rendered /usr/local/bundle/gems/devise-4.6.2views/devise/shared/_links.html.erb (0.9ms)
  Rendered /usr/local/bundle/gems/devise-4.6.2views/devise/sessions/new.html.erb within layouts/application (4.8ms)
Completed 200 OK in 192ms (Views: 57.3ms | ActiveRecord: 0.0ms)


Started GET "/sign_in" for 172.25.0.1 at 2019-07-15 04:33:18 +0000
Cannot render console from 172.25.0.1! Allowed networks: 127.0.0.1, ::1, 127.0.0.0/127.255.255.255
Processing by Devise::SessionsController#new as HTML
  Rendering /usr/local/bundle/gems/devise-4.6.2views/devise/sessions/new.html.erb
  Rendered /usr/local/bundle/gems/devise-4.6.2views/devise/shared/_links.html.erb (0.9ms)
  Rendered /usr/local/bundle/gems/devise-4.6.2views/devise/sessions/new.html.erb (5.8ms)
Completed 200 OK in 33ms (Views: 31.6ms | ActiveRecord: 0.0ms)


Started GET "/sign_in" for 172.25.0.1 at 2019-07-15 04:36:05 +0000
Cannot render console from 172.25.0.1! Allowed networks: 127.0.0.1, ::1, 127.0.0.0/127.255.255.255
Processing by Devise::SessionsController#new as HTML
  Rendering /usr/local/bundle/gems/devise-4.6.2views/devise/sessions/new.html.erb
  Rendered /usr/local/bundle/gems/devise-4.6.2views/devise/shared/_links.html.erb (1.3ms)
  Rendered /usr/local/bundle/gems/devise-4.6.2views/devise/sessions/new.html.erb (14.3ms)
Completed 200 OK in 46ms (Views: 45.5ms | ActiveRecord: 0.0ms)


Started GET "/sign_in" for 172.25.0.1 at 2019-07-15 07:01:08 +0000
Cannot render console from 172.25.0.1! Allowed networks: 127.0.0.1, ::1, 127.0.0.0/127.255.255.255
Processing by Devise::SessionsController#new as HTML
  Rendering /usr/local/bundle/gems/devise-4.6.2views/devise/sessions/new.html.erb
  Rendered /usr/local/bundle/gems/devise-4.6.2views/devise/shared/_links.html.erb (1.0ms)
  Rendered /usr/local/bundle/gems/devise-4.6.2views/devise/sessions/new.html.erb (16.9ms)
Completed 200 OK in 44ms (Views: 42.6ms | ActiveRecord: 0.0ms)


Started GET "/sign_in" for 172.26.0.1 at 2019-07-15 07:02:02 +0000
Cannot render console from 172.26.0.1! Allowed networks: 127.0.0.1, ::1, 127.0.0.0/127.255.255.255
  [1m[35m (5.7ms)[0m  [1m[34mSELECT "schema_migrations"."version" FROM "schema_migrations" ORDER BY "schema_migrations"."version" ASC[0m
  ↳ /usr/local/bundle/gems/activerecord-5.2.3/lib/active_record/log_subscriber.rb:98
Processing by Devise::SessionsController#new as HTML
  Rendering devise/sessions/new.html.haml within layouts/application
  Rendered devise/shared/_links.html.haml (4.4ms)
  Rendered devise/sessions/new.html.haml within layouts/application (63.7ms)
Completed 200 OK in 7819ms (Views: 7779.7ms | ActiveRecord: 18.3ms)


Started GET "/sign_in" for 172.26.0.1 at 2019-07-15 07:07:11 +0000
Cannot render console from 172.26.0.1! Allowed networks: 127.0.0.1, ::1, 127.0.0.0/127.255.255.255
Processing by Devise::SessionsController#new as HTML
  Rendering devise/sessions/new.html.haml within layouts/application
  Rendered devise/shared/_links.html.haml (2.9ms)
  Rendered devise/sessions/new.html.haml within layouts/application (29.2ms)
Completed 200 OK in 1794ms (Views: 1793.1ms | ActiveRecord: 0.0ms)


Started GET "/sign_in" for 172.26.0.1 at 2019-07-15 07:16:18 +0000
Cannot render console from 172.26.0.1! Allowed networks: 127.0.0.1, ::1, 127.0.0.0/127.255.255.255
  
ActionController::RoutingError (undefined method `helper_method' for ApplicationHelper:Module):
  
app/helpers/application_helper.rb:6:in `<module:ApplicationHelper>'
app/helpers/application_helper.rb:1:in `<main>'
app/controllers/application_controller.rb:1:in `<main>'
Started GET "/sign_in" for 172.26.0.1 at 2019-07-15 07:16:40 +0000
Cannot render console from 172.26.0.1! Allowed networks: 127.0.0.1, ::1, 127.0.0.0/127.255.255.255
Processing by Devise::SessionsController#new as HTML
  Rendering devise/sessions/new.html.haml within layouts/application
  Rendered devise/shared/_links.html.haml (2.8ms)
  Rendered devise/sessions/new.html.haml within layouts/application (21.6ms)
Completed 500 Internal Server Error in 494ms (ActiveRecord: 30.1ms)


  
ActionView::Template::Error (undefined local variable or method `modified_action_name' for #<#<Class:0x00007f84c06730f8>:0x00007f84c0671730>):
     8:     = stylesheet_link_tag    'application', media: 'all', 'data-turbolinks-track': 'reload'
     9:     = javascript_include_tag 'application', 'data-turbolinks-track': 'reload'
    10: 
    11:   %body{ id: css_class_name, 'data-class-name' => js_class_name }
    12:     %p.notice= flash[:notice]
    13:     %p.alert= flash[:alert]
    14: 
  
app/helpers/application_helper.rb:8:in `js_class_name'
app/views/layouts/application.html.haml:11:in `_app_views_layouts_application_html_haml___2891680863219634547_70104070240860'
Started GET "/sign_in" for 172.26.0.1 at 2019-07-15 07:17:06 +0000
Cannot render console from 172.26.0.1! Allowed networks: 127.0.0.1, ::1, 127.0.0.0/127.255.255.255
Processing by Devise::SessionsController#new as HTML
  Rendering devise/sessions/new.html.haml within layouts/application
  Rendered devise/shared/_links.html.haml (2.8ms)
  Rendered devise/sessions/new.html.haml within layouts/application (25.1ms)
Completed 500 Internal Server Error in 177ms (ActiveRecord: 16.5ms)


  
ActionView::Template::Error (undefined method `gsub' for nil:NilClass):
     8:     = stylesheet_link_tag    'application', media: 'all', 'data-turbolinks-track': 'reload'
     9:     = javascript_include_tag 'application', 'data-turbolinks-track': 'reload'
    10: 
    11:   %body{ id: css_class_name, 'data-class-name' => js_class_name }
    12:     %p.notice= flash[:notice]
    13:     %p.alert= flash[:alert]
    14: 
  
app/helpers/application_helper.rb:10:in `js_class_name'
app/views/layouts/application.html.haml:11:in `_app_views_layouts_application_html_haml___2891680863219634547_70104067573880'
Started GET "/sign_in" for 172.26.0.1 at 2019-07-15 07:18:50 +0000
Cannot render console from 172.26.0.1! Allowed networks: 127.0.0.1, ::1, 127.0.0.0/127.255.255.255
Processing by Devise::SessionsController#new as HTML
  Rendering devise/sessions/new.html.haml within layouts/application
  Rendered devise/shared/_links.html.haml (2.8ms)
  Rendered devise/sessions/new.html.haml within layouts/application (29.5ms)
Completed 500 Internal Server Error in 207ms (ActiveRecord: 18.0ms)


  
ActionView::Template::Error (undefined method `gsub' for nil:NilClass):
     8:     = stylesheet_link_tag    'application', media: 'all', 'data-turbolinks-track': 'reload'
     9:     = javascript_include_tag 'application', 'data-turbolinks-track': 'reload'
    10: 
    11:   %body{ id: css_class_name, 'data-class-name' => js_class_name }
    12:     %p.notice= flash[:notice]
    13:     %p.alert= flash[:alert]
    14: 
  
app/helpers/application_helper.rb:4:in `css_class_name'
app/views/layouts/application.html.haml:11:in `_app_views_layouts_application_html_haml___2891680863219634547_70104005450600'
Started GET "/sign_in" for 172.26.0.1 at 2019-07-15 07:21:01 +0000
Cannot render console from 172.26.0.1! Allowed networks: 127.0.0.1, ::1, 127.0.0.0/127.255.255.255
Processing by Devise::SessionsController#new as HTML
  Rendering devise/sessions/new.html.haml within layouts/application
  Rendered devise/shared/_links.html.haml (2.9ms)
  Rendered devise/sessions/new.html.haml within layouts/application (25.9ms)
Completed 500 Internal Server Error in 200ms (ActiveRecord: 16.0ms)


  
ActionView::Template::Error (undefined method `gsub' for nil:NilClass):
     8:     = stylesheet_link_tag    'application', media: 'all', 'data-turbolinks-track': 'reload'
     9:     = javascript_include_tag 'application', 'data-turbolinks-track': 'reload'
    10: 
    11:   %body{ id: css_class_name, 'data-class-name' => js_class_name }
    12:     %p.notice= flash[:notice]
    13:     %p.alert= flash[:alert]
    14: 
  
app/helpers/application_helper.rb:10:in `js_class_name'
app/views/layouts/application.html.haml:11:in `_app_views_layouts_application_html_haml___2891680863219634547_70104071058020'
Started GET "/sign_in" for 172.26.0.1 at 2019-07-15 07:22:22 +0000
Cannot render console from 172.26.0.1! Allowed networks: 127.0.0.1, ::1, 127.0.0.0/127.255.255.255
Processing by Devise::SessionsController#new as HTML
  Rendering devise/sessions/new.html.haml within layouts/application
  Rendered devise/shared/_links.html.haml (2.3ms)
  Rendered devise/sessions/new.html.haml within layouts/application (25.7ms)
Completed 200 OK in 169ms (Views: 141.9ms | ActiveRecord: 17.2ms)


Started GET "/sign_in" for 172.26.0.1 at 2019-07-15 07:24:51 +0000
Cannot render console from 172.26.0.1! Allowed networks: 127.0.0.1, ::1, 127.0.0.0/127.255.255.255
Processing by Devise::SessionsController#new as HTML
  Rendering devise/sessions/new.html.haml within layouts/application
  Rendered devise/shared/_links.html.haml (2.8ms)
  Rendered devise/sessions/new.html.haml within layouts/application (33.5ms)
Completed 500 Internal Server Error in 102987ms (ActiveRecord: 18.7ms)


  
SystemExit (exit):
  
(byebug):1:in `exit'
(byebug):1:in `css_class_name'
app/helpers/application_helper.rb:7:in `css_class_name'
app/views/layouts/application.html.haml:11:in `_app_views_layouts_application_html_haml___2891680863219634547_70104005909380'
Started GET "/sign_in" for 172.26.0.1 at 2019-07-15 07:26:58 +0000
Cannot render console from 172.26.0.1! Allowed networks: 127.0.0.1, ::1, 127.0.0.0/127.255.255.255
Processing by Devise::SessionsController#new as HTML
  Rendering devise/sessions/new.html.haml within layouts/application
  Rendered devise/shared/_links.html.haml (190.9ms)
  Rendered devise/sessions/new.html.haml within layouts/application (440.8ms)
Completed 500 Internal Server Error in 24720ms (ActiveRecord: 24.9ms)


  
SystemExit (exit):
  
(byebug):1:in `exit'
(byebug):1:in `_app_views_layouts_application_html_haml___2891680863219634547_70104009879020'
app/views/layouts/application.html.haml:13:in `_app_views_layouts_application_html_haml___2891680863219634547_70104009879020'
Started GET "/sign_in" for 172.26.0.1 at 2019-07-15 07:29:26 +0000
Cannot render console from 172.26.0.1! Allowed networks: 127.0.0.1, ::1, 127.0.0.0/127.255.255.255
Processing by Devise::SessionsController#new as HTML
  Rendering devise/sessions/new.html.haml within layouts/application
  Rendered devise/shared/_links.html.haml (92.9ms)
  Rendered devise/sessions/new.html.haml within layouts/application (252.5ms)
Completed 200 OK in 1286ms (Views: 1089.0ms | ActiveRecord: 20.0ms)


Started GET "/sign_in" for 172.26.0.1 at 2019-07-15 07:30:15 +0000
Cannot render console from 172.26.0.1! Allowed networks: 127.0.0.1, ::1, 127.0.0.0/127.255.255.255
Processing by Devise::SessionsController#new as HTML
  Rendering devise/sessions/new.html.haml within layouts/application
  Rendered devise/shared/_links.html.haml (93.1ms)
  Rendered devise/sessions/new.html.haml within layouts/application (264.6ms)
Completed 200 OK in 1334ms (Views: 1139.8ms | ActiveRecord: 40.3ms)


Started GET "/sign_in" for 172.26.0.1 at 2019-07-15 07:30:35 +0000
Cannot render console from 172.26.0.1! Allowed networks: 127.0.0.1, ::1, 127.0.0.0/127.255.255.255
Processing by Devise::SessionsController#new as HTML
  Rendering devise/sessions/new.html.haml within layouts/application
  Rendered devise/shared/_links.html.haml (101.8ms)
  Rendered devise/sessions/new.html.haml within layouts/application (270.9ms)
Completed 200 OK in 1138ms (Views: 1114.6ms | ActiveRecord: 0.0ms)


Started POST "/sign_in" for 172.26.0.1 at 2019-07-15 07:30:38 +0000
Cannot render console from 172.26.0.1! Allowed networks: 127.0.0.1, ::1, 127.0.0.0/127.255.255.255
Processing by Devise::SessionsController#create as HTML
  Parameters: {"utf8"=>"✓", "authenticity_token"=>"dvmoCN+YVWO7UI05FgHX3tqdr0W1mrXhqgsNIA8cSVai17bbnp+nEc0sSlrLaSJlpxz82vXoRl9g63CLoxKE6Q==", "user"=>{"email"=>"sokly@instedd.org", "password"=>"[FILTERED]", "remember_me"=>"0"}, "commit"=>"Log in"}
  [1m[36mUser Load (13.0ms)[0m  [1m[34mSELECT  "users".* FROM "users" WHERE "users"."email" = $1 ORDER BY "users"."id" ASC LIMIT $2[0m  [["email", "sokly@instedd.org"], ["LIMIT", 1]]
  ↳ /usr/local/bundle/gems/activerecord-5.2.3/lib/active_record/log_subscriber.rb:98
Completed 401 Unauthorized in 74ms (ActiveRecord: 20.8ms)


Processing by Devise::SessionsController#new as HTML
  Parameters: {"utf8"=>"✓", "authenticity_token"=>"dvmoCN+YVWO7UI05FgHX3tqdr0W1mrXhqgsNIA8cSVai17bbnp+nEc0sSlrLaSJlpxz82vXoRl9g63CLoxKE6Q==", "user"=>{"email"=>"sokly@instedd.org", "password"=>"[FILTERED]", "remember_me"=>"0"}, "commit"=>"Log in"}
  Rendering devise/sessions/new.html.haml within layouts/application
  Rendered devise/shared/_links.html.haml (103.2ms)
  Rendered devise/sessions/new.html.haml within layouts/application (265.0ms)
Completed 200 OK in 1245ms (Views: 1078.6ms | ActiveRecord: 0.0ms)


Started GET "/sign_in" for 172.26.0.1 at 2019-07-15 07:33:03 +0000
Cannot render console from 172.26.0.1! Allowed networks: 127.0.0.1, ::1, 127.0.0.0/127.255.255.255
Processing by Devise::SessionsController#new as HTML
  Rendering devise/sessions/new.html.haml within layouts/application
  Rendered devise/shared/_links.html.haml (95.7ms)
  Rendered devise/sessions/new.html.haml within layouts/application (264.8ms)
  Rendered shared/_notify_message.html.haml (67.0ms)
Completed 200 OK in 1220ms (Views: 1197.3ms | ActiveRecord: 0.0ms)


Started POST "/sign_in" for 172.26.0.1 at 2019-07-15 07:33:06 +0000
Cannot render console from 172.26.0.1! Allowed networks: 127.0.0.1, ::1, 127.0.0.0/127.255.255.255
Processing by Devise::SessionsController#create as HTML
  Parameters: {"utf8"=>"✓", "authenticity_token"=>"yKqPFE/WjTsS0go4zmcXVzk/+8VeCXFqHPAVWn8dpmwchJHHDtF/SWSuzVsTD+LsRL6oWh57gtTWEGjx0xNr0w==", "user"=>{"email"=>"sokly@instedd.org", "password"=>"[FILTERED]", "remember_me"=>"0"}, "commit"=>"Log in"}
  [1m[36mUser Load (4.0ms)[0m  [1m[34mSELECT  "users".* FROM "users" WHERE "users"."email" = $1 ORDER BY "users"."id" ASC LIMIT $2[0m  [["email", "sokly@instedd.org"], ["LIMIT", 1]]
  ↳ /usr/local/bundle/gems/activerecord-5.2.3/lib/active_record/log_subscriber.rb:98
Completed 401 Unauthorized in 48ms (ActiveRecord: 4.0ms)


Processing by Devise::SessionsController#new as HTML
  Parameters: {"utf8"=>"✓", "authenticity_token"=>"yKqPFE/WjTsS0go4zmcXVzk/+8VeCXFqHPAVWn8dpmwchJHHDtF/SWSuzVsTD+LsRL6oWh57gtTWEGjx0xNr0w==", "user"=>{"email"=>"sokly@instedd.org", "password"=>"[FILTERED]", "remember_me"=>"0"}, "commit"=>"Log in"}
  Rendering devise/sessions/new.html.haml within layouts/application
  Rendered devise/shared/_links.html.haml (111.0ms)
  Rendered devise/sessions/new.html.haml within layouts/application (268.9ms)
  Rendered shared/_notify_message.html.haml (68.7ms)
Completed 200 OK in 1348ms (Views: 1190.9ms | ActiveRecord: 0.0ms)


Started POST "/sign_in" for 172.26.0.1 at 2019-07-15 07:34:12 +0000
Cannot render console from 172.26.0.1! Allowed networks: 127.0.0.1, ::1, 127.0.0.0/127.255.255.255
Processing by Devise::SessionsController#create as HTML
  Parameters: {"utf8"=>"✓", "authenticity_token"=>"eMM2gAxyYaQ/tgQyym76iiPCyDBVOYhTq8vgbJPqWiGs7ShTTXWT1knKw1EXBg8xXkObrxVLe+1hK53HP+SXng==", "user"=>{"email"=>"sokly@instedd.org", "password"=>"[FILTERED]", "remember_me"=>"0"}, "commit"=>"Log in"}
  [1m[36mUser Load (4.4ms)[0m  [1m[34mSELECT  "users".* FROM "users" WHERE "users"."email" = $1 ORDER BY "users"."id" ASC LIMIT $2[0m  [["email", "sokly@instedd.org"], ["LIMIT", 1]]
  ↳ /usr/local/bundle/gems/activerecord-5.2.3/lib/active_record/log_subscriber.rb:98
Completed 401 Unauthorized in 47ms (ActiveRecord: 4.4ms)


Processing by Devise::SessionsController#new as HTML
  Parameters: {"utf8"=>"✓", "authenticity_token"=>"eMM2gAxyYaQ/tgQyym76iiPCyDBVOYhTq8vgbJPqWiGs7ShTTXWT1knKw1EXBg8xXkObrxVLe+1hK53HP+SXng==", "user"=>{"email"=>"sokly@instedd.org", "password"=>"[FILTERED]", "remember_me"=>"0"}, "commit"=>"Log in"}
  Rendering devise/sessions/new.html.haml within layouts/application
  Rendered devise/shared/_links.html.haml (105.4ms)
  Rendered devise/sessions/new.html.haml within layouts/application (281.3ms)
  Rendered shared/_notify_message.html.haml (70.0ms)
Completed 200 OK in 1447ms (Views: 1292.0ms | ActiveRecord: 0.0ms)


Started GET "/sign_in" for 172.26.0.1 at 2019-07-15 07:34:36 +0000
Cannot render console from 172.26.0.1! Allowed networks: 127.0.0.1, ::1, 127.0.0.0/127.255.255.255
Processing by Devise::SessionsController#new as HTML
  Rendering devise/sessions/new.html.haml within layouts/application
  Rendered devise/shared/_links.html.haml (102.3ms)
  Rendered devise/sessions/new.html.haml within layouts/application (276.1ms)
  Rendered shared/_notify_message.html.haml (61.9ms)
Completed 200 OK in 1239ms (Views: 1209.7ms | ActiveRecord: 0.0ms)


Started GET "/sign_up" for 172.26.0.1 at 2019-07-15 07:41:54 +0000
Cannot render console from 172.26.0.1! Allowed networks: 127.0.0.1, ::1, 127.0.0.0/127.255.255.255
Processing by Devise::RegistrationsController#new as HTML
  Rendering devise/registrations/new.html.haml within layouts/application
  Rendered devise/shared/_error_messages.html.haml (80.7ms)
  Rendered devise/shared/_links.html.haml (103.1ms)
  Rendered devise/registrations/new.html.haml within layouts/application (407.1ms)
  Rendered shared/_notify_message.html.haml (58.6ms)
Completed 200 OK in 1448ms (Views: 1429.2ms | ActiveRecord: 0.0ms)


Started GET "/sign_in" for 172.26.0.1 at 2019-07-15 07:41:58 +0000
Cannot render console from 172.26.0.1! Allowed networks: 127.0.0.1, ::1, 127.0.0.0/127.255.255.255
Processing by Devise::SessionsController#new as HTML
  Rendering devise/sessions/new.html.haml within layouts/application
  Rendered devise/shared/_links.html.haml (92.2ms)
  Rendered devise/sessions/new.html.haml within layouts/application (240.2ms)
  Rendered shared/_notify_message.html.haml (64.3ms)
Completed 200 OK in 1092ms (Views: 1074.2ms | ActiveRecord: 0.0ms)


Started GET "/sign_in" for 172.26.0.1 at 2019-07-15 07:43:41 +0000
Cannot render console from 172.26.0.1! Allowed networks: 127.0.0.1, ::1, 127.0.0.0/127.255.255.255
Processing by Devise::SessionsController#new as HTML
  Rendering devise/sessions/new.html.haml within layouts/application
  Rendered devise/shared/_links.html.haml (111.5ms)
  Rendered devise/sessions/new.html.haml within layouts/application (303.6ms)
  Rendered shared/_notify_message.html.haml (62.7ms)
Completed 200 OK in 1628ms (Views: 1609.3ms | ActiveRecord: 0.0ms)


Started GET "/sign_in" for 172.26.0.1 at 2019-07-15 07:44:21 +0000
Cannot render console from 172.26.0.1! Allowed networks: 127.0.0.1, ::1, 127.0.0.0/127.255.255.255
Processing by Devise::SessionsController#new as HTML
  Rendering devise/sessions/new.html.haml within layouts/application
  Rendered devise/shared/_links.html.haml (84.7ms)
  Rendered devise/sessions/new.html.haml within layouts/application (246.0ms)
Completed 500 Internal Server Error in 733ms (ActiveRecord: 0.0ms)


  
ActionView::Template::Error (Error: Invalid CSS after "...-sessions-new {": expected "}", was ".test: {"
        on line 1 of app/assets/stylesheets/session.scss
        from line 17 of app/assets/stylesheets/application.scss
>> #devise-sessions-new {

   ----------------------^
):
     5:     %title Event Base Surveillance
     6:     = csrf_meta_tags
     7:     = csp_meta_tag
     8:     = stylesheet_link_tag    'application', media: 'all', 'data-turbolinks-track': 'reload'
     9:     = javascript_include_tag 'application', 'data-turbolinks-track': 'reload'
    10: 
    11:   %body{ id: css_class_name }
  
app/assets/stylesheets/session.scss:1
app/views/layouts/application.html.haml:8:in `_app_views_layouts_application_html_haml___2891680863219634547_70104004324400'
Started GET "/sign_in" for 172.26.0.1 at 2019-07-15 07:44:36 +0000
Cannot render console from 172.26.0.1! Allowed networks: 127.0.0.1, ::1, 127.0.0.0/127.255.255.255
Processing by Devise::SessionsController#new as HTML
  Rendering devise/sessions/new.html.haml within layouts/application
  Rendered devise/shared/_links.html.haml (97.4ms)
  Rendered devise/sessions/new.html.haml within layouts/application (268.6ms)
  Rendered shared/_notify_message.html.haml (67.6ms)
Completed 200 OK in 3185ms (Views: 3165.6ms | ActiveRecord: 0.0ms)


Started GET "/sign_in" for 172.26.0.1 at 2019-07-15 07:44:56 +0000
Cannot render console from 172.26.0.1! Allowed networks: 127.0.0.1, ::1, 127.0.0.0/127.255.255.255
Processing by Devise::SessionsController#new as HTML
  Rendering devise/sessions/new.html.haml within layouts/application
  Rendered devise/shared/_links.html.haml (90.2ms)
  Rendered devise/sessions/new.html.haml within layouts/application (256.1ms)
  Rendered shared/_notify_message.html.haml (60.6ms)
Completed 200 OK in 3199ms (Views: 3180.0ms | ActiveRecord: 0.0ms)


Started GET "/sign_in" for 172.26.0.1 at 2019-07-15 07:45:13 +0000
Cannot render console from 172.26.0.1! Allowed networks: 127.0.0.1, ::1, 127.0.0.0/127.255.255.255
Processing by Devise::SessionsController#new as HTML
  Rendering devise/sessions/new.html.haml within layouts/application
  Rendered devise/shared/_links.html.haml (101.3ms)
  Rendered devise/sessions/new.html.haml within layouts/application (265.6ms)
  Rendered shared/_notify_message.html.haml (91.0ms)
Completed 200 OK in 3559ms (Views: 3536.1ms | ActiveRecord: 0.0ms)


Started GET "/sign_in" for 172.26.0.1 at 2019-07-15 07:55:09 +0000
Cannot render console from 172.26.0.1! Allowed networks: 127.0.0.1, ::1, 127.0.0.0/127.255.255.255
Processing by Devise::SessionsController#new as HTML
  Rendering devise/sessions/new.html.haml within layouts/application
  Rendered devise/shared/_links.html.haml (96.5ms)
  Rendered devise/sessions/new.html.haml within layouts/application (253.6ms)
  Rendered shared/_notify_message.html.haml (63.9ms)
Completed 200 OK in 1147ms (Views: 1123.5ms | ActiveRecord: 0.0ms)


Started GET "/sign_in" for 172.26.0.1 at 2019-07-15 07:57:17 +0000
Cannot render console from 172.26.0.1! Allowed networks: 127.0.0.1, ::1, 127.0.0.0/127.255.255.255
Processing by Devise::SessionsController#new as HTML
  Rendering devise/sessions/new.html.haml within layouts/application
  Rendered devise/shared/_links.html.haml (101.3ms)
  Rendered devise/sessions/new.html.haml within layouts/application (283.0ms)
  Rendered shared/_notify_message.html.haml (70.0ms)
Completed 200 OK in 3337ms (Views: 3318.9ms | ActiveRecord: 0.0ms)


Started GET "/sign_in" for 172.26.0.1 at 2019-07-15 07:59:30 +0000
Cannot render console from 172.26.0.1! Allowed networks: 127.0.0.1, ::1, 127.0.0.0/127.255.255.255
Processing by Devise::SessionsController#new as HTML
  Rendering devise/sessions/new.html.haml within layouts/application
  Rendered devise/shared/_links.html.haml (110.3ms)
  Rendered devise/sessions/new.html.haml within layouts/application (1496.9ms)
  Rendered shared/_notify_message.html.haml (63.2ms)
Completed 200 OK in 2656ms (Views: 2638.5ms | ActiveRecord: 0.0ms)


Started GET "/sign_in" for 172.26.0.1 at 2019-07-15 08:00:15 +0000
Cannot render console from 172.26.0.1! Allowed networks: 127.0.0.1, ::1, 127.0.0.0/127.255.255.255
Processing by Devise::SessionsController#new as HTML
  Rendering devise/sessions/new.html.haml within layouts/application
  Rendered devise/shared/_links.html.haml (100.0ms)
  Rendered devise/sessions/new.html.haml within layouts/application (325.0ms)
  Rendered shared/_notify_message.html.haml (77.1ms)
Completed 200 OK in 3455ms (Views: 3430.3ms | ActiveRecord: 0.0ms)


Started GET "/sign_in" for 172.26.0.1 at 2019-07-15 08:01:13 +0000
Cannot render console from 172.26.0.1! Allowed networks: 127.0.0.1, ::1, 127.0.0.0/127.255.255.255
Processing by Devise::SessionsController#new as HTML
  Rendering devise/sessions/new.html.haml within layouts/application
  Rendered devise/shared/_links.html.haml (103.6ms)
  Rendered devise/sessions/new.html.haml within layouts/application (339.6ms)
  Rendered shared/_notify_message.html.haml (77.8ms)
Completed 200 OK in 3623ms (Views: 3598.9ms | ActiveRecord: 0.0ms)


Started GET "/sign_in" for 172.26.0.1 at 2019-07-15 08:01:28 +0000
Cannot render console from 172.26.0.1! Allowed networks: 127.0.0.1, ::1, 127.0.0.0/127.255.255.255
Processing by Devise::SessionsController#new as HTML
  Rendering devise/sessions/new.html.haml within layouts/application
  Rendered devise/shared/_links.html.haml (156.4ms)
  Rendered devise/sessions/new.html.haml within layouts/application (554.5ms)
  Rendered shared/_notify_message.html.haml (69.3ms)
Completed 200 OK in 1501ms (Views: 1475.7ms | ActiveRecord: 0.0ms)


Started GET "/sign_in" for 172.26.0.1 at 2019-07-15 08:01:44 +0000
Cannot render console from 172.26.0.1! Allowed networks: 127.0.0.1, ::1, 127.0.0.0/127.255.255.255
Processing by Devise::SessionsController#new as HTML
  Rendering devise/sessions/new.html.haml within layouts/application
  Rendered devise/shared/_links.html.haml (89.2ms)
  Rendered devise/sessions/new.html.haml within layouts/application (269.8ms)
  Rendered shared/_notify_message.html.haml (63.2ms)
Completed 200 OK in 3194ms (Views: 3169.7ms | ActiveRecord: 0.0ms)


Started GET "/sign_in" for 172.26.0.1 at 2019-07-15 08:01:53 +0000
Cannot render console from 172.26.0.1! Allowed networks: 127.0.0.1, ::1, 127.0.0.0/127.255.255.255
Processing by Devise::SessionsController#new as HTML
  Rendering devise/sessions/new.html.haml within layouts/application
  Rendered devise/shared/_links.html.haml (92.0ms)
  Rendered devise/sessions/new.html.haml within layouts/application (286.5ms)
  Rendered shared/_notify_message.html.haml (71.7ms)
Completed 200 OK in 3283ms (Views: 3262.6ms | ActiveRecord: 0.0ms)


Started GET "/sign_in" for 172.26.0.1 at 2019-07-15 08:01:58 +0000
Cannot render console from 172.26.0.1! Allowed networks: 127.0.0.1, ::1, 127.0.0.0/127.255.255.255
Processing by Devise::SessionsController#new as HTML
  Rendering devise/sessions/new.html.haml within layouts/application
  Rendered devise/shared/_links.html.haml (108.2ms)
  Rendered devise/sessions/new.html.haml within layouts/application (324.3ms)
  Rendered shared/_notify_message.html.haml (62.1ms)
Completed 200 OK in 3429ms (Views: 3409.8ms | ActiveRecord: 0.0ms)


Started GET "/sign_in" for 172.26.0.1 at 2019-07-15 08:02:24 +0000
Cannot render console from 172.26.0.1! Allowed networks: 127.0.0.1, ::1, 127.0.0.0/127.255.255.255
Processing by Devise::SessionsController#new as HTML
  Rendering devise/sessions/new.html.haml within layouts/application
  Rendered devise/shared/_links.html.haml (104.3ms)
  Rendered devise/sessions/new.html.haml within layouts/application (304.2ms)
  Rendered shared/_notify_message.html.haml (70.4ms)
Completed 200 OK in 1225ms (Views: 1206.0ms | ActiveRecord: 0.0ms)


Started GET "/sign_in" for 172.26.0.1 at 2019-07-15 08:04:06 +0000
Cannot render console from 172.26.0.1! Allowed networks: 127.0.0.1, ::1, 127.0.0.0/127.255.255.255
Processing by Devise::SessionsController#new as HTML
  Rendering devise/sessions/new.html.haml within layouts/application
  Rendered devise/shared/_links.html.haml (103.1ms)
  Rendered devise/sessions/new.html.haml within layouts/application (323.6ms)
  Rendered shared/_notify_message.html.haml (72.1ms)
Completed 200 OK in 3449ms (Views: 3431.4ms | ActiveRecord: 0.0ms)


Started GET "/sign_in" for 172.26.0.1 at 2019-07-15 08:04:31 +0000
Cannot render console from 172.26.0.1! Allowed networks: 127.0.0.1, ::1, 127.0.0.0/127.255.255.255
Processing by Devise::SessionsController#new as HTML
  Rendering devise/sessions/new.html.haml within layouts/application
  Rendered devise/shared/_links.html.haml (97.2ms)
  Rendered devise/sessions/new.html.haml within layouts/application (306.1ms)
  Rendered shared/_notify_message.html.haml (65.8ms)
Completed 200 OK in 3420ms (Views: 3395.0ms | ActiveRecord: 0.0ms)


Started GET "/sign_in" for 172.26.0.1 at 2019-07-15 08:05:11 +0000
Cannot render console from 172.26.0.1! Allowed networks: 127.0.0.1, ::1, 127.0.0.0/127.255.255.255
Processing by Devise::SessionsController#new as HTML
  Rendering devise/sessions/new.html.haml within layouts/application
  Rendered devise/shared/_links.html.haml (109.1ms)
  Rendered devise/sessions/new.html.haml within layouts/application (324.3ms)
  Rendered shared/_notify_message.html.haml (63.6ms)
Completed 200 OK in 3561ms (Views: 3541.1ms | ActiveRecord: 0.0ms)


Started GET "/sign_in" for 172.26.0.1 at 2019-07-15 08:05:20 +0000
Cannot render console from 172.26.0.1! Allowed networks: 127.0.0.1, ::1, 127.0.0.0/127.255.255.255
Processing by Devise::SessionsController#new as HTML
  Rendering devise/sessions/new.html.haml within layouts/application
  Rendered devise/shared/_links.html.haml (108.6ms)
  Rendered devise/sessions/new.html.haml within layouts/application (331.7ms)
  Rendered shared/_notify_message.html.haml (70.2ms)
Completed 200 OK in 3542ms (Views: 3517.8ms | ActiveRecord: 0.0ms)


Started GET "/sign_in" for 172.26.0.1 at 2019-07-15 08:06:41 +0000
Cannot render console from 172.26.0.1! Allowed networks: 127.0.0.1, ::1, 127.0.0.0/127.255.255.255
Processing by Devise::SessionsController#new as HTML
  Rendering devise/sessions/new.html.haml within layouts/application
  Rendered devise/shared/_links.html.haml (104.1ms)
  Rendered devise/sessions/new.html.haml within layouts/application (341.3ms)
  Rendered shared/_notify_message.html.haml (67.4ms)
Completed 200 OK in 1366ms (Views: 1339.3ms | ActiveRecord: 0.0ms)


Started GET "/sign_in" for 172.26.0.1 at 2019-07-15 08:07:06 +0000
Cannot render console from 172.26.0.1! Allowed networks: 127.0.0.1, ::1, 127.0.0.0/127.255.255.255
Processing by Devise::SessionsController#new as HTML
  Rendering devise/sessions/new.html.haml within layouts/application
  Rendered devise/shared/_links.html.haml (192.2ms)
  Rendered devise/sessions/new.html.haml within layouts/application (405.4ms)
  Rendered shared/_notify_message.html.haml (63.5ms)
Completed 200 OK in 1314ms (Views: 1291.4ms | ActiveRecord: 0.0ms)


Started GET "/sign_in" for 172.26.0.1 at 2019-07-15 08:08:06 +0000
Cannot render console from 172.26.0.1! Allowed networks: 127.0.0.1, ::1, 127.0.0.0/127.255.255.255
Processing by Devise::SessionsController#new as HTML
  Rendering devise/sessions/new.html.haml within layouts/application
  Rendered devise/shared/_links.html.haml (98.8ms)
  Rendered devise/sessions/new.html.haml within layouts/application (303.7ms)
  Rendered shared/_notify_message.html.haml (64.9ms)
Completed 200 OK in 1178ms (Views: 1159.1ms | ActiveRecord: 0.0ms)


Started GET "/sign_in" for 172.26.0.1 at 2019-07-15 08:08:28 +0000
Cannot render console from 172.26.0.1! Allowed networks: 127.0.0.1, ::1, 127.0.0.0/127.255.255.255
Processing by Devise::SessionsController#new as HTML
  Rendering devise/sessions/new.html.haml within layouts/application
  Rendered devise/shared/_links.html.haml (98.8ms)
  Rendered devise/sessions/new.html.haml within layouts/application (301.1ms)
  Rendered shared/_notify_message.html.haml (60.9ms)
Completed 200 OK in 1175ms (Views: 1157.8ms | ActiveRecord: 0.0ms)


Started GET "/sign_in" for 172.26.0.1 at 2019-07-15 08:09:30 +0000
Cannot render console from 172.26.0.1! Allowed networks: 127.0.0.1, ::1, 127.0.0.0/127.255.255.255
Processing by Devise::SessionsController#new as HTML
  Rendering devise/sessions/new.html.haml within layouts/application
  Rendered devise/shared/_links.html.haml (94.7ms)
  Rendered devise/sessions/new.html.haml within layouts/application (305.9ms)
  Rendered shared/_notify_message.html.haml (64.4ms)
Completed 200 OK in 1226ms (Views: 1205.2ms | ActiveRecord: 0.0ms)


Started GET "/sign_in" for 172.26.0.1 at 2019-07-15 08:09:51 +0000
Cannot render console from 172.26.0.1! Allowed networks: 127.0.0.1, ::1, 127.0.0.0/127.255.255.255
Processing by Devise::SessionsController#new as HTML
  Rendering devise/sessions/new.html.haml within layouts/application
  Rendered devise/shared/_links.html.haml (92.7ms)
  Rendered devise/sessions/new.html.haml within layouts/application (307.3ms)
  Rendered shared/_notify_message.html.haml (69.4ms)
Completed 200 OK in 1287ms (Views: 1269.1ms | ActiveRecord: 0.0ms)


Started GET "/sign_in" for 172.26.0.1 at 2019-07-15 08:10:08 +0000
Cannot render console from 172.26.0.1! Allowed networks: 127.0.0.1, ::1, 127.0.0.0/127.255.255.255
Processing by Devise::SessionsController#new as HTML
  Rendering devise/sessions/new.html.haml within layouts/application
  Rendered devise/shared/_links.html.haml (94.0ms)
  Rendered devise/sessions/new.html.haml within layouts/application (302.7ms)
  Rendered shared/_notify_message.html.haml (69.8ms)
Completed 200 OK in 1235ms (Views: 1216.4ms | ActiveRecord: 0.0ms)


Started GET "/sign_in" for 172.26.0.1 at 2019-07-15 08:14:12 +0000
Cannot render console from 172.26.0.1! Allowed networks: 127.0.0.1, ::1, 127.0.0.0/127.255.255.255
Processing by Devise::SessionsController#new as HTML
  Rendering devise/sessions/new.html.haml within layouts/application
  Rendered devise/shared/_links.html.haml (95.3ms)
  Rendered devise/sessions/new.html.haml within layouts/application (325.5ms)
  Rendered shared/_notify_message.html.haml (71.3ms)
Completed 200 OK in 3466ms (Views: 3445.5ms | ActiveRecord: 0.0ms)


Started GET "/sign_in" for 172.26.0.1 at 2019-07-15 08:14:46 +0000
Cannot render console from 172.26.0.1! Allowed networks: 127.0.0.1, ::1, 127.0.0.0/127.255.255.255
Processing by Devise::SessionsController#new as HTML
  Rendering devise/sessions/new.html.haml within layouts/application
  Rendered devise/shared/_links.html.haml (90.0ms)
  Rendered devise/sessions/new.html.haml within layouts/application (294.7ms)
  Rendered shared/_notify_message.html.haml (72.5ms)
Completed 200 OK in 1268ms (Views: 1250.1ms | ActiveRecord: 0.0ms)


Started GET "/sign_in" for 172.26.0.1 at 2019-07-15 08:15:23 +0000
Cannot render console from 172.26.0.1! Allowed networks: 127.0.0.1, ::1, 127.0.0.0/127.255.255.255
Processing by Devise::SessionsController#new as HTML
  Rendering devise/sessions/new.html.haml within layouts/application
  Rendered devise/shared/_links.html.haml (91.7ms)
  Rendered devise/sessions/new.html.haml within layouts/application (324.9ms)
  Rendered shared/_notify_message.html.haml (71.9ms)
Completed 200 OK in 1280ms (Views: 1263.8ms | ActiveRecord: 0.0ms)


Started GET "/sign_in" for 172.26.0.1 at 2019-07-15 08:16:19 +0000
Cannot render console from 172.26.0.1! Allowed networks: 127.0.0.1, ::1, 127.0.0.0/127.255.255.255
Processing by Devise::SessionsController#new as HTML
  Rendering devise/sessions/new.html.haml within layouts/application
  Rendered devise/shared/_links.html.haml (95.3ms)
  Rendered devise/sessions/new.html.haml within layouts/application (329.6ms)
  Rendered shared/_notify_message.html.haml (70.0ms)
Completed 200 OK in 1297ms (Views: 1278.3ms | ActiveRecord: 0.0ms)


Started GET "/sign_in" for 172.26.0.1 at 2019-07-15 08:16:53 +0000
Cannot render console from 172.26.0.1! Allowed networks: 127.0.0.1, ::1, 127.0.0.0/127.255.255.255
Processing by Devise::SessionsController#new as HTML
  Rendering devise/sessions/new.html.haml within layouts/application
  Rendered devise/shared/_links.html.haml (96.5ms)
  Rendered devise/sessions/new.html.haml within layouts/application (338.6ms)
  Rendered shared/_notify_message.html.haml (73.4ms)
Completed 200 OK in 3603ms (Views: 3584.9ms | ActiveRecord: 0.0ms)


Started GET "/sign_in" for 172.26.0.1 at 2019-07-15 08:17:33 +0000
Cannot render console from 172.26.0.1! Allowed networks: 127.0.0.1, ::1, 127.0.0.0/127.255.255.255
Processing by Devise::SessionsController#new as HTML
  Rendering devise/sessions/new.html.haml within layouts/application
  Rendered devise/shared/_links.html.haml (110.0ms)
  Rendered devise/sessions/new.html.haml within layouts/application (359.3ms)
  Rendered shared/_notify_message.html.haml (64.2ms)
Completed 200 OK in 3440ms (Views: 3414.8ms | ActiveRecord: 0.0ms)


Started GET "/sign_in" for 172.26.0.1 at 2019-07-15 08:19:11 +0000
Cannot render console from 172.26.0.1! Allowed networks: 127.0.0.1, ::1, 127.0.0.0/127.255.255.255
Processing by Devise::SessionsController#new as HTML
  Rendering devise/sessions/new.html.haml within layouts/application
  Rendered devise/shared/_links.html.haml (95.4ms)
  Rendered devise/sessions/new.html.haml within layouts/application (310.2ms)
  Rendered shared/_notify_message.html.haml (63.4ms)
Completed 200 OK in 3298ms (Views: 3272.6ms | ActiveRecord: 0.0ms)


Started GET "/sign_in" for 172.26.0.1 at 2019-07-15 08:20:37 +0000
Cannot render console from 172.26.0.1! Allowed networks: 127.0.0.1, ::1, 127.0.0.0/127.255.255.255
Processing by Devise::SessionsController#new as HTML
  Rendering devise/sessions/new.html.haml within layouts/application
  Rendered devise/shared/_links.html.haml (95.8ms)
  Rendered devise/sessions/new.html.haml within layouts/application (313.9ms)
  Rendered shared/_notify_message.html.haml (66.0ms)
Completed 200 OK in 3375ms (Views: 3356.5ms | ActiveRecord: 0.0ms)


Started GET "/sign_in" for 172.26.0.1 at 2019-07-15 08:20:58 +0000
Cannot render console from 172.26.0.1! Allowed networks: 127.0.0.1, ::1, 127.0.0.0/127.255.255.255
Processing by Devise::SessionsController#new as HTML
  Rendering devise/sessions/new.html.haml within layouts/application
  Rendered devise/shared/_links.html.haml (85.4ms)
  Rendered devise/sessions/new.html.haml within layouts/application (310.3ms)
  Rendered shared/_notify_message.html.haml (73.6ms)
Completed 200 OK in 3289ms (Views: 3268.7ms | ActiveRecord: 0.0ms)


Started GET "/sign_in" for 172.26.0.1 at 2019-07-15 08:21:42 +0000
Cannot render console from 172.26.0.1! Allowed networks: 127.0.0.1, ::1, 127.0.0.0/127.255.255.255
Processing by Devise::SessionsController#new as HTML
  Rendering devise/sessions/new.html.haml within layouts/application
  Rendered devise/shared/_links.html.haml (98.1ms)
  Rendered devise/sessions/new.html.haml within layouts/application (337.5ms)
  Rendered shared/_notify_message.html.haml (72.7ms)
Completed 200 OK in 3448ms (Views: 3429.3ms | ActiveRecord: 0.0ms)


Started GET "/sign_in" for 172.26.0.1 at 2019-07-15 08:22:05 +0000
Cannot render console from 172.26.0.1! Allowed networks: 127.0.0.1, ::1, 127.0.0.0/127.255.255.255
Processing by Devise::SessionsController#new as HTML
  Rendering devise/sessions/new.html.haml within layouts/application
  Rendered devise/shared/_links.html.haml (102.0ms)
  Rendered devise/sessions/new.html.haml within layouts/application (329.6ms)
  Rendered shared/_notify_message.html.haml (71.3ms)
Completed 200 OK in 3476ms (Views: 3455.9ms | ActiveRecord: 0.0ms)


Started GET "/sign_in" for 172.26.0.1 at 2019-07-15 08:23:45 +0000
Cannot render console from 172.26.0.1! Allowed networks: 127.0.0.1, ::1, 127.0.0.0/127.255.255.255
Processing by Devise::SessionsController#new as HTML
  Rendering devise/sessions/new.html.haml within layouts/application
  Rendered devise/shared/_links.html.haml (95.6ms)
  Rendered devise/sessions/new.html.haml within layouts/application (324.3ms)
  Rendered shared/_notify_message.html.haml (69.1ms)
Completed 200 OK in 3366ms (Views: 3347.6ms | ActiveRecord: 0.0ms)


Started GET "/sign_in" for 172.26.0.1 at 2019-07-15 08:24:37 +0000
Cannot render console from 172.26.0.1! Allowed networks: 127.0.0.1, ::1, 127.0.0.0/127.255.255.255
Processing by Devise::SessionsController#new as HTML
  Rendering devise/sessions/new.html.haml within layouts/application
  Rendered devise/shared/_links.html.haml (94.5ms)
  Rendered devise/sessions/new.html.haml within layouts/application (331.7ms)
  Rendered shared/_notify_message.html.haml (78.4ms)
Completed 200 OK in 3448ms (Views: 3427.5ms | ActiveRecord: 0.0ms)


Started GET "/sign_in" for 172.26.0.1 at 2019-07-15 08:24:54 +0000
Cannot render console from 172.26.0.1! Allowed networks: 127.0.0.1, ::1, 127.0.0.0/127.255.255.255
Processing by Devise::SessionsController#new as HTML
  Rendering devise/sessions/new.html.haml within layouts/application
  Rendered devise/shared/_links.html.haml (104.6ms)
  Rendered devise/sessions/new.html.haml within layouts/application (361.0ms)
  Rendered shared/_notify_message.html.haml (67.1ms)
Completed 200 OK in 3625ms (Views: 3607.5ms | ActiveRecord: 0.0ms)


Started GET "/sign_in" for 172.26.0.1 at 2019-07-15 08:25:01 +0000
Cannot render console from 172.26.0.1! Allowed networks: 127.0.0.1, ::1, 127.0.0.0/127.255.255.255
Processing by Devise::SessionsController#new as HTML
  Rendering devise/sessions/new.html.haml within layouts/application
  Rendered devise/shared/_links.html.haml (92.3ms)
  Rendered devise/sessions/new.html.haml within layouts/application (294.9ms)
  Rendered shared/_notify_message.html.haml (63.4ms)
Completed 200 OK in 1203ms (Views: 1185.0ms | ActiveRecord: 0.0ms)


Started GET "/sign_in" for 172.26.0.1 at 2019-07-15 08:25:20 +0000
Cannot render console from 172.26.0.1! Allowed networks: 127.0.0.1, ::1, 127.0.0.0/127.255.255.255
Processing by Devise::SessionsController#new as HTML
  Rendering devise/sessions/new.html.haml within layouts/application
  Rendered devise/shared/_links.html.haml (95.9ms)
  Rendered devise/sessions/new.html.haml within layouts/application (322.5ms)
  Rendered shared/_notify_message.html.haml (62.7ms)
Completed 200 OK in 3319ms (Views: 3300.1ms | ActiveRecord: 0.0ms)


Started GET "/sign_in" for 172.26.0.1 at 2019-07-15 08:30:18 +0000
Cannot render console from 172.26.0.1! Allowed networks: 127.0.0.1, ::1, 127.0.0.0/127.255.255.255
Processing by Devise::SessionsController#new as HTML
  Rendering devise/sessions/new.html.haml within layouts/application
  Rendered devise/shared/_links.html.haml (90.9ms)
  Rendered devise/sessions/new.html.haml within layouts/application (310.8ms)
  Rendered shared/_notify_message.html.haml (64.7ms)
Completed 200 OK in 3643ms (Views: 3623.4ms | ActiveRecord: 0.0ms)


Started GET "/sign_in" for 172.26.0.1 at 2019-07-15 08:30:38 +0000
Cannot render console from 172.26.0.1! Allowed networks: 127.0.0.1, ::1, 127.0.0.0/127.255.255.255
Processing by Devise::SessionsController#new as HTML
  Rendering devise/sessions/new.html.haml within layouts/application
  Rendered devise/shared/_links.html.haml (95.3ms)
  Rendered devise/sessions/new.html.haml within layouts/application (325.8ms)
  Rendered shared/_notify_message.html.haml (64.5ms)
Completed 200 OK in 3311ms (Views: 3291.8ms | ActiveRecord: 0.0ms)


Started GET "/sign_in" for 172.26.0.1 at 2019-07-15 08:31:23 +0000
Cannot render console from 172.26.0.1! Allowed networks: 127.0.0.1, ::1, 127.0.0.0/127.255.255.255
Processing by Devise::SessionsController#new as HTML
  Rendering devise/sessions/new.html.haml within layouts/application
  Rendered devise/shared/_links.html.haml (93.0ms)
  Rendered devise/sessions/new.html.haml within layouts/application (327.7ms)
  Rendered shared/_notify_message.html.haml (72.1ms)
Completed 200 OK in 3416ms (Views: 3390.0ms | ActiveRecord: 0.0ms)


Started GET "/sign_in" for 172.26.0.1 at 2019-07-15 08:31:35 +0000
Cannot render console from 172.26.0.1! Allowed networks: 127.0.0.1, ::1, 127.0.0.0/127.255.255.255
Processing by Devise::SessionsController#new as HTML
  Rendering devise/sessions/new.html.haml within layouts/application
  Rendered devise/shared/_links.html.haml (97.9ms)
  Rendered devise/sessions/new.html.haml within layouts/application (322.9ms)
  Rendered shared/_notify_message.html.haml (70.6ms)
Completed 200 OK in 1293ms (Views: 1273.8ms | ActiveRecord: 0.0ms)


Started GET "/sign_in" for 172.26.0.1 at 2019-07-15 08:31:56 +0000
Cannot render console from 172.26.0.1! Allowed networks: 127.0.0.1, ::1, 127.0.0.0/127.255.255.255
Processing by Devise::SessionsController#new as HTML
  Rendering devise/sessions/new.html.haml within layouts/application
  Rendered devise/shared/_links.html.haml (101.2ms)
  Rendered devise/sessions/new.html.haml within layouts/application (338.7ms)
  Rendered shared/_notify_message.html.haml (63.2ms)
Completed 200 OK in 1300ms (Views: 1280.5ms | ActiveRecord: 0.0ms)


Started GET "/sign_in" for 172.26.0.1 at 2019-07-15 08:32:13 +0000
Cannot render console from 172.26.0.1! Allowed networks: 127.0.0.1, ::1, 127.0.0.0/127.255.255.255
Processing by Devise::SessionsController#new as HTML
  Rendering devise/sessions/new.html.haml within layouts/application
  Rendered devise/shared/_links.html.haml (98.6ms)
  Rendered devise/sessions/new.html.haml within layouts/application (324.4ms)
Completed 500 Internal Server Error in 1137ms (ActiveRecord: 0.0ms)


  
ActionView::Template::Error (Error: Invalid CSS after "...adding-top: 100": expected expression (e.g. 1px, bold), was ".logo-wrapper {"
        on line 16 of app/assets/stylesheets/session.scss
        from line 18 of app/assets/stylesheets/application.scss
>>     .logo-wrapper {

   ----^
):
     5:     %title Event Base Surveillance
     6:     = csrf_meta_tags
     7:     = csp_meta_tag
     8:     = stylesheet_link_tag    'application', media: 'all', 'data-turbolinks-track': 'reload'
     9:     = javascript_include_tag 'application', 'data-turbolinks-track': 'reload'
    10: 
    11:   %body{ id: css_class_name }
  
app/assets/stylesheets/session.scss:16
app/views/layouts/application.html.haml:8:in `_app_views_layouts_application_html_haml___2891680863219634547_70104007885340'
Started GET "/sign_in" for 172.26.0.1 at 2019-07-15 08:32:22 +0000
Cannot render console from 172.26.0.1! Allowed networks: 127.0.0.1, ::1, 127.0.0.0/127.255.255.255
Processing by Devise::SessionsController#new as HTML
  Rendering devise/sessions/new.html.haml within layouts/application
  Rendered devise/shared/_links.html.haml (97.0ms)
  Rendered devise/sessions/new.html.haml within layouts/application (343.6ms)
  Rendered shared/_notify_message.html.haml (56.5ms)
Completed 200 OK in 3546ms (Views: 3523.5ms | ActiveRecord: 0.0ms)


Started GET "/sign_in" for 172.26.0.1 at 2019-07-15 08:33:13 +0000
Cannot render console from 172.26.0.1! Allowed networks: 127.0.0.1, ::1, 127.0.0.0/127.255.255.255
Processing by Devise::SessionsController#new as HTML
  Rendering devise/sessions/new.html.haml within layouts/application
  Rendered devise/shared/_links.html.haml (91.4ms)
  Rendered devise/sessions/new.html.haml within layouts/application (307.9ms)
  Rendered shared/_notify_message.html.haml (58.0ms)
Completed 200 OK in 3319ms (Views: 3296.5ms | ActiveRecord: 0.0ms)


Started GET "/sign_in" for 172.26.0.1 at 2019-07-15 08:37:23 +0000
Cannot render console from 172.26.0.1! Allowed networks: 127.0.0.1, ::1, 127.0.0.0/127.255.255.255
Processing by Devise::SessionsController#new as HTML
  Rendering devise/sessions/new.html.haml within layouts/application
  Rendered devise/shared/_links.html.haml (97.1ms)
  Rendered devise/sessions/new.html.haml within layouts/application (308.1ms)
  Rendered shared/_notify_message.html.haml (50.6ms)
Completed 500 Internal Server Error in 3282ms (ActiveRecord: 0.0ms)


  
ActionView::Template::Error (Illegal nesting: nesting within a tag that already has content is illegal.):
    4: / .alert.alert-danger{role: 'alert'}
    5: /   = flash[:alert]
    6: 
    7:  - if notice.present?
    8:   .alert.alert-success
    9:     %button.close{type: 'button', 'data-dismiss' => 'alert', 'aria-label' => 'Close'}
   10:     = notice
  
app/views/shared/_notify_message.html.haml:7
app/views/layouts/application.html.haml:12:in `_app_views_layouts_application_html_haml___2891680863219634547_70104070757000'
Started GET "/sign_in" for 172.26.0.1 at 2019-07-15 08:37:36 +0000
Cannot render console from 172.26.0.1! Allowed networks: 127.0.0.1, ::1, 127.0.0.0/127.255.255.255
Processing by Devise::SessionsController#new as HTML
  Rendering devise/sessions/new.html.haml within layouts/application
  Rendered devise/shared/_links.html.haml (95.5ms)
  Rendered devise/sessions/new.html.haml within layouts/application (334.4ms)
  Rendered shared/_notify_message.html.haml (135.5ms)
Completed 200 OK in 1373ms (Views: 1341.5ms | ActiveRecord: 0.0ms)


Started POST "/sign_in" for 172.26.0.1 at 2019-07-15 08:37:41 +0000
Cannot render console from 172.26.0.1! Allowed networks: 127.0.0.1, ::1, 127.0.0.0/127.255.255.255
Processing by Devise::SessionsController#create as HTML
  Parameters: {"utf8"=>"✓", "authenticity_token"=>"YA4eB47u1l0jeTBkvWaKET5WrFTxSCNqiX/M8uPEnQG0IADUz+kkL1UF9wdgDn+qQ9f/y7E60NRDn7FZT8pQvg==", "user"=>{"email"=>"sokly@instedd.org", "password"=>"[FILTERED]", "remember_me"=>"0"}, "commit"=>"Log in"}
  [1m[36mUser Load (15.6ms)[0m  [1m[34mSELECT  "users".* FROM "users" WHERE "users"."email" = $1 ORDER BY "users"."id" ASC LIMIT $2[0m  [["email", "sokly@instedd.org"], ["LIMIT", 1]]
  ↳ /usr/local/bundle/gems/activerecord-5.2.3/lib/active_record/log_subscriber.rb:98
Completed 401 Unauthorized in 68ms (ActiveRecord: 16.8ms)


Processing by Devise::SessionsController#new as HTML
  Parameters: {"utf8"=>"✓", "authenticity_token"=>"YA4eB47u1l0jeTBkvWaKET5WrFTxSCNqiX/M8uPEnQG0IADUz+kkL1UF9wdgDn+qQ9f/y7E60NRDn7FZT8pQvg==", "user"=>{"email"=>"sokly@instedd.org", "password"=>"[FILTERED]", "remember_me"=>"0"}, "commit"=>"Log in"}
  Rendering devise/sessions/new.html.haml within layouts/application
  Rendered devise/shared/_links.html.haml (92.8ms)
  Rendered devise/sessions/new.html.haml within layouts/application (319.6ms)
  Rendered shared/_notify_message.html.haml (117.7ms)
Completed 200 OK in 1475ms (Views: 1315.7ms | ActiveRecord: 0.0ms)


Started POST "/sign_in" for 172.26.0.1 at 2019-07-15 08:38:55 +0000
Cannot render console from 172.26.0.1! Allowed networks: 127.0.0.1, ::1, 127.0.0.0/127.255.255.255
Processing by Devise::SessionsController#create as HTML
  Parameters: {"utf8"=>"✓", "authenticity_token"=>"LxpNAtOrocwwwAlfovmS3mTopcKTp10QlMPRqxZ2ugH7NFPRkqxTvka8zjx/kWdlGWn2XdPVrq5eI6wAunh3vg==", "user"=>{"email"=>"sokly@instedd.org", "password"=>"[FILTERED]", "remember_me"=>"0"}, "commit"=>"Log in"}
  [1m[36mUser Load (3.5ms)[0m  [1m[34mSELECT  "users".* FROM "users" WHERE "users"."email" = $1 ORDER BY "users"."id" ASC LIMIT $2[0m  [["email", "sokly@instedd.org"], ["LIMIT", 1]]
  ↳ /usr/local/bundle/gems/activerecord-5.2.3/lib/active_record/log_subscriber.rb:98
Completed 401 Unauthorized in 49ms (ActiveRecord: 3.5ms)


Processing by Devise::SessionsController#new as HTML
  Parameters: {"utf8"=>"✓", "authenticity_token"=>"LxpNAtOrocwwwAlfovmS3mTopcKTp10QlMPRqxZ2ugH7NFPRkqxTvka8zjx/kWdlGWn2XdPVrq5eI6wAunh3vg==", "user"=>{"email"=>"sokly@instedd.org", "password"=>"[FILTERED]", "remember_me"=>"0"}, "commit"=>"Log in"}
  Rendering devise/sessions/new.html.haml within layouts/application
  Rendered devise/shared/_links.html.haml (89.9ms)
  Rendered devise/sessions/new.html.haml within layouts/application (320.7ms)
  Rendered shared/_notify_message.html.haml (137.2ms)
Completed 200 OK in 3986ms (Views: 3824.0ms | ActiveRecord: 0.0ms)


Started GET "/sign_in" for 172.26.0.1 at 2019-07-15 08:39:19 +0000
Cannot render console from 172.26.0.1! Allowed networks: 127.0.0.1, ::1, 127.0.0.0/127.255.255.255
Processing by Devise::SessionsController#new as HTML
  Rendering devise/sessions/new.html.haml within layouts/application
  Rendered devise/shared/_links.html.haml (104.6ms)
  Rendered devise/sessions/new.html.haml within layouts/application (339.8ms)
  Rendered shared/_notify_message.html.haml (135.4ms)
Completed 200 OK in 3420ms (Views: 3402.0ms | ActiveRecord: 0.0ms)


Started POST "/sign_in" for 172.26.0.1 at 2019-07-15 08:39:24 +0000
Cannot render console from 172.26.0.1! Allowed networks: 127.0.0.1, ::1, 127.0.0.0/127.255.255.255
Processing by Devise::SessionsController#create as HTML
  Parameters: {"utf8"=>"✓", "authenticity_token"=>"jjjHstQk5M5/dyBeKkoIGJ+w+9X/1RNhPUWebr44155aFtlhlSMWvAkL5z33Iv2j4jGoSr+n4N/3pePFEjYaIQ==", "user"=>{"email"=>"sokly@instedd.org", "password"=>"[FILTERED]", "remember_me"=>"0"}, "commit"=>"Log in"}
  [1m[36mUser Load (4.3ms)[0m  [1m[34mSELECT  "users".* FROM "users" WHERE "users"."email" = $1 ORDER BY "users"."id" ASC LIMIT $2[0m  [["email", "sokly@instedd.org"], ["LIMIT", 1]]
  ↳ /usr/local/bundle/gems/activerecord-5.2.3/lib/active_record/log_subscriber.rb:98
Completed 401 Unauthorized in 55ms (ActiveRecord: 4.3ms)


Processing by Devise::SessionsController#new as HTML
  Parameters: {"utf8"=>"✓", "authenticity_token"=>"jjjHstQk5M5/dyBeKkoIGJ+w+9X/1RNhPUWebr44155aFtlhlSMWvAkL5z33Iv2j4jGoSr+n4N/3pePFEjYaIQ==", "user"=>{"email"=>"sokly@instedd.org", "password"=>"[FILTERED]", "remember_me"=>"0"}, "commit"=>"Log in"}
  Rendering devise/sessions/new.html.haml within layouts/application
  Rendered devise/shared/_links.html.haml (106.3ms)
  Rendered devise/sessions/new.html.haml within layouts/application (344.9ms)
  Rendered shared/_notify_message.html.haml (134.4ms)
Completed 200 OK in 1553ms (Views: 1381.8ms | ActiveRecord: 0.0ms)


Started GET "/sign_in" for 172.26.0.1 at 2019-07-15 08:42:43 +0000
Cannot render console from 172.26.0.1! Allowed networks: 127.0.0.1, ::1, 127.0.0.0/127.255.255.255
Processing by Devise::SessionsController#new as HTML
  Rendering devise/sessions/new.html.haml within layouts/application
  Rendered devise/shared/_links.html.haml (106.3ms)
  Rendered devise/sessions/new.html.haml within layouts/application (364.8ms)
  Rendered shared/_notify_message.html.haml (121.8ms)
Completed 200 OK in 1502ms (Views: 1482.8ms | ActiveRecord: 0.0ms)


Started POST "/sign_in" for 172.26.0.1 at 2019-07-15 08:42:47 +0000
Cannot render console from 172.26.0.1! Allowed networks: 127.0.0.1, ::1, 127.0.0.0/127.255.255.255
Processing by Devise::SessionsController#create as HTML
  Parameters: {"utf8"=>"✓", "authenticity_token"=>"nGipzj8YsNcCCTk3viC+PC33sH6bqbWg/S7CoYXvEx1IRrcdfh9CpXR1/lRjSEuHUHbj4dvbRh43zr8KKeHeog==", "user"=>{"email"=>"sokly@instedd.org", "password"=>"[FILTERED]", "remember_me"=>"0"}, "commit"=>"Log in"}
  [1m[36mUser Load (4.9ms)[0m  [1m[34mSELECT  "users".* FROM "users" WHERE "users"."email" = $1 ORDER BY "users"."id" ASC LIMIT $2[0m  [["email", "sokly@instedd.org"], ["LIMIT", 1]]
  ↳ /usr/local/bundle/gems/activerecord-5.2.3/lib/active_record/log_subscriber.rb:98
Completed 401 Unauthorized in 45ms (ActiveRecord: 4.9ms)


Processing by Devise::SessionsController#new as HTML
  Parameters: {"utf8"=>"✓", "authenticity_token"=>"nGipzj8YsNcCCTk3viC+PC33sH6bqbWg/S7CoYXvEx1IRrcdfh9CpXR1/lRjSEuHUHbj4dvbRh43zr8KKeHeog==", "user"=>{"email"=>"sokly@instedd.org", "password"=>"[FILTERED]", "remember_me"=>"0"}, "commit"=>"Log in"}
  Rendering devise/sessions/new.html.haml within layouts/application
  Rendered devise/shared/_links.html.haml (88.8ms)
  Rendered devise/sessions/new.html.haml within layouts/application (323.1ms)
  Rendered shared/_notify_message.html.haml (123.8ms)
Completed 200 OK in 1445ms (Views: 1291.5ms | ActiveRecord: 0.0ms)


Started GET "/sign_in" for 172.26.0.1 at 2019-07-15 08:43:09 +0000
Cannot render console from 172.26.0.1! Allowed networks: 127.0.0.1, ::1, 127.0.0.0/127.255.255.255
Processing by Devise::SessionsController#new as HTML
  Rendering devise/sessions/new.html.haml within layouts/application
  Rendered devise/shared/_links.html.haml (104.2ms)
  Rendered devise/sessions/new.html.haml within layouts/application (308.7ms)
  Rendered shared/_notify_message.html.haml (119.9ms)
Completed 200 OK in 1268ms (Views: 1250.9ms | ActiveRecord: 0.0ms)


Started POST "/sign_in" for 172.26.0.1 at 2019-07-15 08:43:12 +0000
Cannot render console from 172.26.0.1! Allowed networks: 127.0.0.1, ::1, 127.0.0.0/127.255.255.255
Processing by Devise::SessionsController#create as HTML
  Parameters: {"utf8"=>"✓", "authenticity_token"=>"a1POUzxkZjWJ4yY0EY53N+o21GRRJSlpd457oJ4nVqK/fdCAfWOUR/+f4VfM5oKMl7eH+xFX2te9bgYLMimbHQ==", "user"=>{"email"=>"sokly@instedd.org", "password"=>"[FILTERED]", "remember_me"=>"0"}, "commit"=>"Log in"}
  [1m[36mUser Load (3.5ms)[0m  [1m[34mSELECT  "users".* FROM "users" WHERE "users"."email" = $1 ORDER BY "users"."id" ASC LIMIT $2[0m  [["email", "sokly@instedd.org"], ["LIMIT", 1]]
  ↳ /usr/local/bundle/gems/activerecord-5.2.3/lib/active_record/log_subscriber.rb:98
Completed 401 Unauthorized in 51ms (ActiveRecord: 3.5ms)


Processing by Devise::SessionsController#new as HTML
  Parameters: {"utf8"=>"✓", "authenticity_token"=>"a1POUzxkZjWJ4yY0EY53N+o21GRRJSlpd457oJ4nVqK/fdCAfWOUR/+f4VfM5oKMl7eH+xFX2te9bgYLMimbHQ==", "user"=>{"email"=>"sokly@instedd.org", "password"=>"[FILTERED]", "remember_me"=>"0"}, "commit"=>"Log in"}
  Rendering devise/sessions/new.html.haml within layouts/application
  Rendered devise/shared/_links.html.haml (92.1ms)
  Rendered devise/sessions/new.html.haml within layouts/application (314.3ms)
  Rendered shared/_notify_message.html.haml (128.6ms)
Completed 200 OK in 1446ms (Views: 1285.5ms | ActiveRecord: 0.0ms)


Started GET "/password/new" for 172.26.0.1 at 2019-07-15 08:43:32 +0000
Cannot render console from 172.26.0.1! Allowed networks: 127.0.0.1, ::1, 127.0.0.0/127.255.255.255
Processing by Devise::PasswordsController#new as HTML
  Rendering devise/passwords/new.html.haml within layouts/application
  Rendered devise/shared/_error_messages.html.haml (77.8ms)
  Rendered devise/shared/_links.html.haml (92.4ms)
  Rendered devise/passwords/new.html.haml within layouts/application (324.2ms)
  Rendered shared/_notify_message.html.haml (125.5ms)
Completed 200 OK in 1380ms (Views: 1332.4ms | ActiveRecord: 0.0ms)


Started GET "/sign_in" for 172.26.0.1 at 2019-07-15 08:43:39 +0000
Cannot render console from 172.26.0.1! Allowed networks: 127.0.0.1, ::1, 127.0.0.0/127.255.255.255
Processing by Devise::SessionsController#new as HTML
  Rendering devise/sessions/new.html.haml within layouts/application
  Rendered devise/shared/_links.html.haml (102.3ms)
  Rendered devise/sessions/new.html.haml within layouts/application (332.3ms)
  Rendered shared/_notify_message.html.haml (126.3ms)
Completed 200 OK in 1404ms (Views: 1379.2ms | ActiveRecord: 0.0ms)


